 Set environment variables
 Unpack LHAPDF
LHAPDF-6.2.3/
LHAPDF-6.2.3/plotpdfs
LHAPDF-6.2.3/testpdfs
LHAPDF-6.2.3/lhapdf.pc
LHAPDF-6.2.3/lhapdf.pc.in
LHAPDF-6.2.3/AUTHORS
LHAPDF-6.2.3/pdfsets.index
LHAPDF-6.2.3/wrappers/
LHAPDF-6.2.3/wrappers/python/
LHAPDF-6.2.3/wrappers/python/lhapdf.pyx
LHAPDF-6.2.3/wrappers/python/clhapdf.pxd
LHAPDF-6.2.3/wrappers/python/Makefile.am
LHAPDF-6.2.3/wrappers/python/setup.py.in
LHAPDF-6.2.3/wrappers/python/Makefile.in
LHAPDF-6.2.3/wrappers/python/lhapdf.cpp
LHAPDF-6.2.3/wrappers/Makefile.am
LHAPDF-6.2.3/wrappers/Makefile.in
LHAPDF-6.2.3/bin/
LHAPDF-6.2.3/bin/lhapdf-config.in
LHAPDF-6.2.3/bin/Makefile.am
LHAPDF-6.2.3/bin/Makefile.in
LHAPDF-6.2.3/bin/lhapdf
LHAPDF-6.2.3/INSTALL
LHAPDF-6.2.3/examples/
LHAPDF-6.2.3/examples/reweight.cc
LHAPDF-6.2.3/examples/testpdf.cc
LHAPDF-6.2.3/examples/pythonexample.py
LHAPDF-6.2.3/examples/Makefile.am
LHAPDF-6.2.3/examples/Makefile.in
LHAPDF-6.2.3/examples/testpdfunc.cc
LHAPDF-6.2.3/examples/fexample1.f90
LHAPDF-6.2.3/examples/compatibility.cc
LHAPDF-6.2.3/examples/analyticpdf.cc
LHAPDF-6.2.3/examples/testpdfunc.py
LHAPDF-6.2.3/examples/hessian2replicas.cc
LHAPDF-6.2.3/examples/testpdfset.cc
LHAPDF-6.2.3/aclocal.m4
LHAPDF-6.2.3/config/
LHAPDF-6.2.3/config/compile
LHAPDF-6.2.3/config/config.sub
LHAPDF-6.2.3/config/config.h.in
LHAPDF-6.2.3/config/depcomp
LHAPDF-6.2.3/config/ltmain.sh
LHAPDF-6.2.3/config/config.guess
LHAPDF-6.2.3/config/test-driver
LHAPDF-6.2.3/config/install-sh
LHAPDF-6.2.3/config/missing
LHAPDF-6.2.3/doc/
LHAPDF-6.2.3/doc/Doxyfile.in
LHAPDF-6.2.3/doc/pdfsets.dox
LHAPDF-6.2.3/doc/Makefile.am
LHAPDF-6.2.3/doc/Makefile.in
LHAPDF-6.2.3/doc/mkpdflist
LHAPDF-6.2.3/testlhapdf
LHAPDF-6.2.3/Makefile.am
LHAPDF-6.2.3/Makefile.in
LHAPDF-6.2.3/ChangeLog
LHAPDF-6.2.3/m4/
LHAPDF-6.2.3/m4/ltsugar.m4
LHAPDF-6.2.3/m4/lt~obsolete.m4
LHAPDF-6.2.3/m4/ax_prog_cxx_mpi.m4
LHAPDF-6.2.3/m4/ltversion.m4
LHAPDF-6.2.3/m4/ltoptions.m4
LHAPDF-6.2.3/m4/compilerflags.m4
LHAPDF-6.2.3/m4/libtool.m4
LHAPDF-6.2.3/m4/ax_cxx_compile_stdcxx.m4
LHAPDF-6.2.3/m4/cython.m4
LHAPDF-6.2.3/src/
LHAPDF-6.2.3/src/ErrExtrapolator.cc
LHAPDF-6.2.3/src/PDF.cc
LHAPDF-6.2.3/src/yamlcpp/
LHAPDF-6.2.3/src/yamlcpp/exp.h
LHAPDF-6.2.3/src/yamlcpp/exp.cpp
LHAPDF-6.2.3/src/yamlcpp/directives.cpp
LHAPDF-6.2.3/src/yamlcpp/yaml-cpp/
LHAPDF-6.2.3/src/yamlcpp/yaml-cpp/nodeimpl.h
LHAPDF-6.2.3/src/yamlcpp/yaml-cpp/stlemitter.h
LHAPDF-6.2.3/src/yamlcpp/yaml-cpp/exceptions.h
LHAPDF-6.2.3/src/yamlcpp/yaml-cpp/emitfromevents.h
LHAPDF-6.2.3/src/yamlcpp/yaml-cpp/nodereadimpl.h
LHAPDF-6.2.3/src/yamlcpp/yaml-cpp/node.h
LHAPDF-6.2.3/src/yamlcpp/yaml-cpp/contrib/
LHAPDF-6.2.3/src/yamlcpp/yaml-cpp/contrib/anchordict.h
LHAPDF-6.2.3/src/yamlcpp/yaml-cpp/contrib/graphbuilder.h
LHAPDF-6.2.3/src/yamlcpp/yaml-cpp/eventhandler.h
LHAPDF-6.2.3/src/yamlcpp/yaml-cpp/yaml.h
LHAPDF-6.2.3/src/yamlcpp/yaml-cpp/emitter.h
LHAPDF-6.2.3/src/yamlcpp/yaml-cpp/dll.h
LHAPDF-6.2.3/src/yamlcpp/yaml-cpp/null.h
LHAPDF-6.2.3/src/yamlcpp/yaml-cpp/nodeutil.h
LHAPDF-6.2.3/src/yamlcpp/yaml-cpp/traits.h
LHAPDF-6.2.3/src/yamlcpp/yaml-cpp/iterator.h
LHAPDF-6.2.3/src/yamlcpp/yaml-cpp/parser.h
LHAPDF-6.2.3/src/yamlcpp/yaml-cpp/mark.h
LHAPDF-6.2.3/src/yamlcpp/yaml-cpp/anchor.h
LHAPDF-6.2.3/src/yamlcpp/yaml-cpp/stlnode.h
LHAPDF-6.2.3/src/yamlcpp/yaml-cpp/aliasmanager.h
LHAPDF-6.2.3/src/yamlcpp/yaml-cpp/ltnode.h
LHAPDF-6.2.3/src/yamlcpp/yaml-cpp/binary.h
LHAPDF-6.2.3/src/yamlcpp/yaml-cpp/noncopyable.h
LHAPDF-6.2.3/src/yamlcpp/yaml-cpp/conversion.h
LHAPDF-6.2.3/src/yamlcpp/yaml-cpp/emittermanip.h
LHAPDF-6.2.3/src/yamlcpp/yaml-cpp/ostream.h
LHAPDF-6.2.3/src/yamlcpp/ptr_stack.h
LHAPDF-6.2.3/src/yamlcpp/emitterutils.cpp
LHAPDF-6.2.3/src/yamlcpp/null.cpp
LHAPDF-6.2.3/src/yamlcpp/scantoken.cpp
LHAPDF-6.2.3/src/yamlcpp/nodebuilder.h
LHAPDF-6.2.3/src/yamlcpp/ostream.cpp
LHAPDF-6.2.3/src/yamlcpp/indentation.h
LHAPDF-6.2.3/src/yamlcpp/regex.h
LHAPDF-6.2.3/src/yamlcpp/node.cpp
LHAPDF-6.2.3/src/yamlcpp/regex.cpp
LHAPDF-6.2.3/src/yamlcpp/parser.cpp
LHAPDF-6.2.3/src/yamlcpp/iterpriv.h
LHAPDF-6.2.3/src/yamlcpp/emitter.cpp
LHAPDF-6.2.3/src/yamlcpp/Makefile.am
LHAPDF-6.2.3/src/yamlcpp/emitterstate.h
LHAPDF-6.2.3/src/yamlcpp/streamcharsource.h
LHAPDF-6.2.3/src/yamlcpp/Makefile.in
LHAPDF-6.2.3/src/yamlcpp/scanner.h
LHAPDF-6.2.3/src/yamlcpp/ptr_vector.h
LHAPDF-6.2.3/src/yamlcpp/stream.h
LHAPDF-6.2.3/src/yamlcpp/tag.h
LHAPDF-6.2.3/src/yamlcpp/scanscalar.h
LHAPDF-6.2.3/src/yamlcpp/scanner.cpp
LHAPDF-6.2.3/src/yamlcpp/emitterutils.h
LHAPDF-6.2.3/src/yamlcpp/nodeownership.cpp
LHAPDF-6.2.3/src/yamlcpp/scanscalar.cpp
LHAPDF-6.2.3/src/yamlcpp/tag.cpp
LHAPDF-6.2.3/src/yamlcpp/binary.cpp
LHAPDF-6.2.3/src/yamlcpp/singledocparser.cpp
LHAPDF-6.2.3/src/yamlcpp/nodeownership.h
LHAPDF-6.2.3/src/yamlcpp/collectionstack.h
LHAPDF-6.2.3/src/yamlcpp/stringsource.h
LHAPDF-6.2.3/src/yamlcpp/regeximpl.h
LHAPDF-6.2.3/src/yamlcpp/token.h
LHAPDF-6.2.3/src/yamlcpp/simplekey.cpp
LHAPDF-6.2.3/src/yamlcpp/setting.h
LHAPDF-6.2.3/src/yamlcpp/emitterstate.cpp
LHAPDF-6.2.3/src/yamlcpp/iterator.cpp
LHAPDF-6.2.3/src/yamlcpp/scantag.cpp
LHAPDF-6.2.3/src/yamlcpp/stream.cpp
LHAPDF-6.2.3/src/yamlcpp/singledocparser.h
LHAPDF-6.2.3/src/yamlcpp/conversion.cpp
LHAPDF-6.2.3/src/yamlcpp/directives.h
LHAPDF-6.2.3/src/yamlcpp/aliasmanager.cpp
LHAPDF-6.2.3/src/yamlcpp/nodebuilder.cpp
LHAPDF-6.2.3/src/yamlcpp/scantag.h
LHAPDF-6.2.3/src/yamlcpp/emitfromevents.cpp
LHAPDF-6.2.3/src/FileIO.cc
LHAPDF-6.2.3/src/PDFInfo.cc
LHAPDF-6.2.3/src/AlphaS_ODE.cc
LHAPDF-6.2.3/src/NearestPointExtrapolator.cc
LHAPDF-6.2.3/src/Makefile.am
LHAPDF-6.2.3/src/BilinearInterpolator.cc
LHAPDF-6.2.3/src/ContinuationExtrapolator.cc
LHAPDF-6.2.3/src/AlphaS_Ipol.cc
LHAPDF-6.2.3/src/Makefile.in
LHAPDF-6.2.3/src/Factories.cc
LHAPDF-6.2.3/src/Paths.cc
LHAPDF-6.2.3/src/Utils.cc
LHAPDF-6.2.3/src/Interpolator.cc
LHAPDF-6.2.3/src/GridPDF.cc
LHAPDF-6.2.3/src/PDFIndex.cc
LHAPDF-6.2.3/src/LogBicubicInterpolator.cc
LHAPDF-6.2.3/src/AlphaS.cc
LHAPDF-6.2.3/src/BicubicInterpolator.cc
LHAPDF-6.2.3/src/LHAGlue.cc
LHAPDF-6.2.3/src/Info.cc
LHAPDF-6.2.3/src/LogBilinearInterpolator.cc
LHAPDF-6.2.3/src/PDFSet.cc
LHAPDF-6.2.3/src/AlphaS_Analytic.cc
LHAPDF-6.2.3/src/Config.cc
LHAPDF-6.2.3/configure
LHAPDF-6.2.3/include/
LHAPDF-6.2.3/include/Makefile.am
LHAPDF-6.2.3/include/Makefile.in
LHAPDF-6.2.3/include/LHAPDF/
LHAPDF-6.2.3/include/LHAPDF/BicubicInterpolator.h
LHAPDF-6.2.3/include/LHAPDF/PDFInfo.h
LHAPDF-6.2.3/include/LHAPDF/Version.h
LHAPDF-6.2.3/include/LHAPDF/Config.h
LHAPDF-6.2.3/include/LHAPDF/PDFIndex.h
LHAPDF-6.2.3/include/LHAPDF/ErrExtrapolator.h
LHAPDF-6.2.3/include/LHAPDF/PDFSet.h
LHAPDF-6.2.3/include/LHAPDF/LogBilinearInterpolator.h
LHAPDF-6.2.3/include/LHAPDF/Makefile.am
LHAPDF-6.2.3/include/LHAPDF/Reweighting.h
LHAPDF-6.2.3/include/LHAPDF/Info.h
LHAPDF-6.2.3/include/LHAPDF/Makefile.in
LHAPDF-6.2.3/include/LHAPDF/Exceptions.h
LHAPDF-6.2.3/include/LHAPDF/LogBicubicInterpolator.h
LHAPDF-6.2.3/include/LHAPDF/Version.h.in
LHAPDF-6.2.3/include/LHAPDF/LHAGlue.h
LHAPDF-6.2.3/include/LHAPDF/Utils.h
LHAPDF-6.2.3/include/LHAPDF/GridPDF.h
LHAPDF-6.2.3/include/LHAPDF/Factories.h
LHAPDF-6.2.3/include/LHAPDF/NearestPointExtrapolator.h
LHAPDF-6.2.3/include/LHAPDF/AlphaS.h
LHAPDF-6.2.3/include/LHAPDF/ContinuationExtrapolator.h
LHAPDF-6.2.3/include/LHAPDF/BilinearInterpolator.h
LHAPDF-6.2.3/include/LHAPDF/LHAPDF.h
LHAPDF-6.2.3/include/LHAPDF/PDF.h
LHAPDF-6.2.3/include/LHAPDF/Extrapolator.h
LHAPDF-6.2.3/include/LHAPDF/FileIO.h
LHAPDF-6.2.3/include/LHAPDF/KnotArray.h
LHAPDF-6.2.3/include/LHAPDF/Paths.h
LHAPDF-6.2.3/include/LHAPDF/Interpolator.h
LHAPDF-6.2.3/mkindex
LHAPDF-6.2.3/tests/
LHAPDF-6.2.3/tests/testgrid.cc
LHAPDF-6.2.3/tests/testinfo.cc
LHAPDF-6.2.3/tests/testindex.cc
LHAPDF-6.2.3/tests/testalphas.cc
LHAPDF-6.2.3/tests/Makefile.am
LHAPDF-6.2.3/tests/Makefile.in
LHAPDF-6.2.3/tests/testpaths.cc
LHAPDF-6.2.3/tests/testnsetperf.cc
LHAPDF-6.2.3/tests/testperf.cc
LHAPDF-6.2.3/tests/testsetperf.cc
LHAPDF-6.2.3/lhapdf.conf
LHAPDF-6.2.3/COPYING
LHAPDF-6.2.3/configure.ac
LHAPDF-6.2.3/NEWS
LHAPDF-6.2.3/TODO
LHAPDF-6.2.3/README
 Enter LHAPDF6 directory
 Configure LHAPDF
configure: WARNING: unrecognized options: --with-boost
checking for a BSD-compatible install... /usr/bin/install -c
checking whether build environment is sane... yes
checking for a thread-safe mkdir -p... /usr/bin/mkdir -p
checking for gawk... gawk
checking whether make sets $(MAKE)... yes
checking whether make supports nested variables... yes
checking whether make supports nested variables... (cached) yes
checking for sw_vers... no
checking for style of include used by make... GNU
checking whether to compile using MPI... no
checking whether the C++ compiler works... yes
checking for C++ compiler default output file name... a.out
checking for suffix of executables... 
checking whether we are cross compiling... no
checking for suffix of object files... o
checking whether we are using the GNU C++ compiler... yes
checking whether g++ accepts -g... yes
checking dependency style of g++... gcc3
checking whether g++ supports C++11 features by default... yes
checking for gcc... gcc
checking whether we are using the GNU C compiler... yes
checking whether gcc accepts -g... yes
checking for gcc option to accept ISO C89... none needed
checking whether gcc understands -c and -o together... yes
checking dependency style of gcc... gcc3
checking whether ln -s works... yes
checking build system type... x86_64-unknown-linux-gnu
checking host system type... x86_64-unknown-linux-gnu
checking how to print strings... printf
checking for a sed that does not truncate output... /usr/bin/sed
checking for grep that handles long lines and -e... /usr/bin/grep
checking for egrep... /usr/bin/grep -E
checking for fgrep... /usr/bin/grep -F
checking for ld used by gcc... /usr/bin/ld
checking if the linker (/usr/bin/ld) is GNU ld... yes
checking for BSD- or MS-compatible name lister (nm)... /usr/bin/nm -B
checking the name lister (/usr/bin/nm -B) interface... BSD nm
checking the maximum length of command line arguments... 1572864
checking how to convert x86_64-unknown-linux-gnu file names to x86_64-unknown-linux-gnu format... func_convert_file_noop
checking how to convert x86_64-unknown-linux-gnu file names to toolchain format... func_convert_file_noop
checking for /usr/bin/ld option to reload object files... -r
checking for objdump... objdump
checking how to recognize dependent libraries... pass_all
checking for dlltool... no
checking how to associate runtime and link libraries... printf %s\n
checking for ar... ar
checking for archiver @FILE support... @
checking for strip... strip
checking for ranlib... ranlib
checking command to parse /usr/bin/nm -B output from gcc object... ok
checking for sysroot... no
checking for a working dd... /usr/bin/dd
checking how to truncate binary pipes... /usr/bin/dd bs=4096 count=1
checking for mt... no
checking if : is a manifest tool... no
checking how to run the C preprocessor... gcc -E
checking for ANSI C header files... yes
checking for sys/types.h... yes
checking for sys/stat.h... yes
checking for stdlib.h... yes
checking for string.h... yes
checking for memory.h... yes
checking for strings.h... yes
checking for inttypes.h... yes
checking for stdint.h... yes
checking for unistd.h... yes
checking for dlfcn.h... yes
checking for objdir... .libs
checking if gcc supports -fno-rtti -fno-exceptions... no
checking for gcc option to produce PIC... -fPIC -DPIC
checking if gcc PIC flag -fPIC -DPIC works... yes
checking if gcc static flag -static works... no
checking if gcc supports -c -o file.o... yes
checking if gcc supports -c -o file.o... (cached) yes
checking whether the gcc linker (/usr/bin/ld -m elf_x86_64) supports shared libraries... yes
checking whether -lc should be explicitly linked in... no
checking dynamic linker characteristics... GNU/Linux ld.so
checking how to hardcode library paths into programs... immediate
checking whether stripping libraries is possible... yes
checking if libtool supports shared libraries... yes
checking whether to build shared libraries... yes
checking whether to build static libraries... yes
checking how to run the C++ preprocessor... g++ -E
checking for ld used by g++... /usr/bin/ld -m elf_x86_64
checking if the linker (/usr/bin/ld -m elf_x86_64) is GNU ld... yes
checking whether the g++ linker (/usr/bin/ld -m elf_x86_64) supports shared libraries... yes
checking for g++ option to produce PIC... -fPIC -DPIC
checking if g++ PIC flag -fPIC -DPIC works... yes
checking if g++ static flag -static works... no
checking if g++ supports -c -o file.o... yes
checking if g++ supports -c -o file.o... (cached) yes
checking whether the g++ linker (/usr/bin/ld -m elf_x86_64) supports shared libraries... yes
checking dynamic linker characteristics... (cached) GNU/Linux ld.so
checking how to hardcode library paths into programs... immediate
configure: Building LHAGLUE Fortran wrappers
configure: Building LHAGLUE C++ wrappers
checking for pdflatex... no
checking for doxygen... /usr/bin/doxygen
checking for python... /usr/bin/python
checking for python version... 2.7
checking for python platform... linux2
checking for python script directory... ${prefix}/lib/python2.7/site-packages
checking for python extension module directory... ${exec_prefix}/lib64/python2.7/site-packages
checking for Cython >= 0.19... no
checking if the g++ compiler accepts the -pedantic flag... yes
checking if the g++ compiler accepts the -Wall flag... yes
checking if the g++ compiler accepts the -Wno-long-long flag... yes
checking if the g++ compiler accepts the -Qunused-arguments flag... no
checking that generated files are newer than configure... done
configure: creating ./config.status
config.status: creating Makefile
config.status: creating src/Makefile
config.status: creating src/yamlcpp/Makefile
config.status: creating include/Makefile
config.status: creating include/LHAPDF/Makefile
config.status: creating bin/Makefile
config.status: creating bin/lhapdf-config
config.status: creating examples/Makefile
config.status: creating tests/Makefile
config.status: creating doc/Makefile
config.status: creating doc/Doxyfile
config.status: creating lhapdf.pc
config.status: creating wrappers/Makefile
config.status: creating wrappers/python/Makefile
config.status: creating wrappers/python/setup.py
config.status: creating config/config.h
config.status: creating include/LHAPDF/Version.h
config.status: include/LHAPDF/Version.h is unchanged
config.status: executing depfiles commands
config.status: executing libtool commands
configure: WARNING: unrecognized options: --with-boost

****************************************************************
IMPORTANT INFORMATION ABOUT PDF SETS

LHAPDF no longer bundles PDF set data in the package tarball.
The sets are instead all stored online at
  http://lhapdfsets.web.cern.ch/lhapdfsets/current/
and you should install those that you wish to use into
  /home/choij/workspace/ParticlePhysics/HepTools/MG5_aMC_v2_7_3/HEPTools/lhapdf6/share/LHAPDF

The downloadable PDF sets are packaged as tarballs, which
must be expanded to be used. The simplest way to do this is with
the 'lhapdf' script, e.g. to install the CT10nlo PDF set:
  lhapdf install CT10nlo
The same effect can be achieved manually with, e.g.:
  wget http://lhapdfsets.web.cern.ch/lhapdfsets/current/CT10nlo.tar.gz -O- | tar xz -C /home/choij/workspace/ParticlePhysics/HepTools/MG5_aMC_v2_7_3/HEPTools/lhapdf6/share/LHAPDF

****************************************************************

 Compile LHAPDF6
Making all in src
make[1]: Entering directory '/tmp/tmp9cvNRb/LHAPDF-6.2.3/src'
Making all in yamlcpp
make[2]: Entering directory '/tmp/tmp9cvNRb/LHAPDF-6.2.3/src/yamlcpp'
  CXX      liblhapdf_yaml_cpp_la-aliasmanager.lo
  CXX      liblhapdf_yaml_cpp_la-emitterutils.lo
  CXX      liblhapdf_yaml_cpp_la-ostream.lo
  CXX      liblhapdf_yaml_cpp_la-simplekey.lo
  CXX      liblhapdf_yaml_cpp_la-binary.lo
  CXX      liblhapdf_yaml_cpp_la-exp.lo
  CXX      liblhapdf_yaml_cpp_la-parser.lo
  CXX      liblhapdf_yaml_cpp_la-singledocparser.lo
  CXX      liblhapdf_yaml_cpp_la-conversion.lo
  CXX      liblhapdf_yaml_cpp_la-iterator.lo
  CXX      liblhapdf_yaml_cpp_la-regex.lo
  CXX      liblhapdf_yaml_cpp_la-stream.lo
  CXX      liblhapdf_yaml_cpp_la-directives.lo
  CXX      liblhapdf_yaml_cpp_la-nodebuilder.lo
  CXX      liblhapdf_yaml_cpp_la-scanner.lo
  CXX      liblhapdf_yaml_cpp_la-tag.lo
  CXX      liblhapdf_yaml_cpp_la-emitfromevents.lo
  CXX      liblhapdf_yaml_cpp_la-node.lo
  CXX      liblhapdf_yaml_cpp_la-scanscalar.lo
  CXX      liblhapdf_yaml_cpp_la-emitter.lo
  CXX      liblhapdf_yaml_cpp_la-nodeownership.lo
  CXX      liblhapdf_yaml_cpp_la-scantag.lo
  CXX      liblhapdf_yaml_cpp_la-emitterstate.lo
  CXX      liblhapdf_yaml_cpp_la-null.lo
  CXX      liblhapdf_yaml_cpp_la-scantoken.lo
  CXXLD    liblhapdf-yaml-cpp.la
make[2]: Leaving directory '/tmp/tmp9cvNRb/LHAPDF-6.2.3/src/yamlcpp'
make[2]: Entering directory '/tmp/tmp9cvNRb/LHAPDF-6.2.3/src'
  CXX      PDF.lo
  CXX      PDFSet.lo
  CXX      GridPDF.lo
  CXX      PDFInfo.lo
  CXX      Interpolator.lo
  CXX      BilinearInterpolator.lo
  CXX      BicubicInterpolator.lo
  CXX      LogBilinearInterpolator.lo
  CXX      LogBicubicInterpolator.lo
  CXX      ErrExtrapolator.lo
  CXX      NearestPointExtrapolator.lo
  CXX      ContinuationExtrapolator.lo
  CXX      AlphaS.lo
  CXX      AlphaS_Analytic.lo
  CXX      AlphaS_ODE.lo
  CXX      AlphaS_Ipol.lo
  CXX      Config.lo
  CXX      Factories.lo
  CXX      PDFIndex.lo
  CXX      Utils.lo
  CXX      FileIO.lo
  CXX      libLHAPDFInfo_la-Info.lo
  CXXLD    libLHAPDFInfo.la
  CXX      libLHAPDFPaths_la-Paths.lo
  CXXLD    libLHAPDFPaths.la
  CXX      libLHAPDFGlue_la-LHAGlue.lo
  CXXLD    libLHAPDFGlue.la
  CXXLD    libLHAPDF.la
make[2]: Leaving directory '/tmp/tmp9cvNRb/LHAPDF-6.2.3/src'
make[1]: Leaving directory '/tmp/tmp9cvNRb/LHAPDF-6.2.3/src'
Making all in include
make[1]: Entering directory '/tmp/tmp9cvNRb/LHAPDF-6.2.3/include'
Making all in LHAPDF
make[2]: Entering directory '/tmp/tmp9cvNRb/LHAPDF-6.2.3/include/LHAPDF'
make  all-am
make[3]: Entering directory '/tmp/tmp9cvNRb/LHAPDF-6.2.3/include/LHAPDF'
make[3]: Leaving directory '/tmp/tmp9cvNRb/LHAPDF-6.2.3/include/LHAPDF'
make[2]: Leaving directory '/tmp/tmp9cvNRb/LHAPDF-6.2.3/include/LHAPDF'
make[2]: Entering directory '/tmp/tmp9cvNRb/LHAPDF-6.2.3/include'
make[2]: Nothing to be done for 'all-am'.
make[2]: Leaving directory '/tmp/tmp9cvNRb/LHAPDF-6.2.3/include'
make[1]: Leaving directory '/tmp/tmp9cvNRb/LHAPDF-6.2.3/include'
Making all in wrappers
make[1]: Entering directory '/tmp/tmp9cvNRb/LHAPDF-6.2.3/wrappers'
Making all in python
make[2]: Entering directory '/tmp/tmp9cvNRb/LHAPDF-6.2.3/wrappers/python'
for i in lhapdf.cpp lhapdf.pyx clhapdf.pxd; do \
  orig="$i"; \
  build="$(basename $i)"; \
  if [ ! -e ${build} ]; then cp ${orig} ${build}; \
  echo ${build} >> fix-out-of-source; fi; \
done
touch fix-out-of-source
CC="g++" CXX="g++" /usr/bin/python setup.py install --install-lib=build/ --force
running install
running build
running build_ext
building 'lhapdf' extension
creating build
creating build/temp.linux-x86_64-2.7
g++ -fno-strict-aliasing -O2 -flto=auto -ffat-lto-objects -fexceptions -g -grecord-gcc-switches -pipe -Wall -Werror=format-security -Wp,-D_FORTIFY_SOURCE=2 -Wp,-D_GLIBCXX_ASSERTIONS -specs=/usr/lib/rpm/redhat/redhat-hardened-cc1 -fstack-protector-strong -specs=/usr/lib/rpm/redhat/redhat-annobin-cc1 -m64 -mtune=generic -fasynchronous-unwind-tables -fstack-clash-protection -D_GNU_SOURCE -fPIC -fwrapv -DNDEBUG -O2 -flto=auto -ffat-lto-objects -fexceptions -g -grecord-gcc-switches -pipe -Wall -Werror=format-security -Wp,-D_FORTIFY_SOURCE=2 -Wp,-D_GLIBCXX_ASSERTIONS -specs=/usr/lib/rpm/redhat/redhat-hardened-cc1 -fstack-protector-strong -specs=/usr/lib/rpm/redhat/redhat-annobin-cc1 -m64 -mtune=generic -fasynchronous-unwind-tables -fstack-clash-protection -D_GNU_SOURCE -fPIC -fwrapv -fPIC -I/tmp/tmp9cvNRb/LHAPDF-6.2.3/include -I/tmp/tmp9cvNRb/LHAPDF-6.2.3/include -I/usr/include/python2.7 -c lhapdf.cpp -o build/temp.linux-x86_64-2.7/lhapdf.o -I/home/choij/workspace/ParticlePhysics/HepTools/MG5_aMC_v2_7_3/HEPTools/lhapdf6/include
creating build/lib.linux-x86_64-2.7
gcc -pthread -shared -Wl,-z,relro -Wl,--as-needed -Wl,-z,now -specs=/usr/lib/rpm/redhat/redhat-hardened-ld build/temp.linux-x86_64-2.7/lhapdf.o -L/tmp/tmp9cvNRb/LHAPDF-6.2.3/src/.libs -L/usr/lib64 -lstdc++ -lLHAPDF -lpython2.7 -o build/lib.linux-x86_64-2.7/lhapdf.so
running install_lib
copying build/lib.linux-x86_64-2.7/lhapdf.so -> build
running install_egg_info
Writing build/LHAPDF-6.2.3-py2.7.egg-info
make[2]: Leaving directory '/tmp/tmp9cvNRb/LHAPDF-6.2.3/wrappers/python'
make[2]: Entering directory '/tmp/tmp9cvNRb/LHAPDF-6.2.3/wrappers'
make[2]: Nothing to be done for 'all-am'.
make[2]: Leaving directory '/tmp/tmp9cvNRb/LHAPDF-6.2.3/wrappers'
make[1]: Leaving directory '/tmp/tmp9cvNRb/LHAPDF-6.2.3/wrappers'
Making all in tests
make[1]: Entering directory '/tmp/tmp9cvNRb/LHAPDF-6.2.3/tests'
make[1]: Nothing to be done for 'all'.
make[1]: Leaving directory '/tmp/tmp9cvNRb/LHAPDF-6.2.3/tests'
Making all in bin
make[1]: Entering directory '/tmp/tmp9cvNRb/LHAPDF-6.2.3/bin'
make[1]: Nothing to be done for 'all'.
make[1]: Leaving directory '/tmp/tmp9cvNRb/LHAPDF-6.2.3/bin'
make[1]: Entering directory '/tmp/tmp9cvNRb/LHAPDF-6.2.3'
make[1]: Nothing to be done for 'all-am'.
make[1]: Leaving directory '/tmp/tmp9cvNRb/LHAPDF-6.2.3'
 Install LHAPDF6
Making install in src
make[1]: Entering directory '/tmp/tmp9cvNRb/LHAPDF-6.2.3/src'
Making install in yamlcpp
make[2]: Entering directory '/tmp/tmp9cvNRb/LHAPDF-6.2.3/src/yamlcpp'
make[3]: Entering directory '/tmp/tmp9cvNRb/LHAPDF-6.2.3/src/yamlcpp'
make[3]: Nothing to be done for 'install-exec-am'.
make[3]: Nothing to be done for 'install-data-am'.
make[3]: Leaving directory '/tmp/tmp9cvNRb/LHAPDF-6.2.3/src/yamlcpp'
make[2]: Leaving directory '/tmp/tmp9cvNRb/LHAPDF-6.2.3/src/yamlcpp'
make[2]: Entering directory '/tmp/tmp9cvNRb/LHAPDF-6.2.3/src'
make[3]: Entering directory '/tmp/tmp9cvNRb/LHAPDF-6.2.3/src'
 /usr/bin/mkdir -p '/home/choij/workspace/ParticlePhysics/HepTools/MG5_aMC_v2_7_3/HEPTools/lhapdf6/lib'
 /bin/sh ../libtool   --mode=install /usr/bin/install -c   libLHAPDF.la '/home/choij/workspace/ParticlePhysics/HepTools/MG5_aMC_v2_7_3/HEPTools/lhapdf6/lib'
libtool: install: /usr/bin/install -c .libs/libLHAPDF.so /home/choij/workspace/ParticlePhysics/HepTools/MG5_aMC_v2_7_3/HEPTools/lhapdf6/lib/libLHAPDF.so
libtool: install: /usr/bin/install -c .libs/libLHAPDF.lai /home/choij/workspace/ParticlePhysics/HepTools/MG5_aMC_v2_7_3/HEPTools/lhapdf6/lib/libLHAPDF.la
libtool: install: /usr/bin/install -c .libs/libLHAPDF.a /home/choij/workspace/ParticlePhysics/HepTools/MG5_aMC_v2_7_3/HEPTools/lhapdf6/lib/libLHAPDF.a
libtool: install: chmod 644 /home/choij/workspace/ParticlePhysics/HepTools/MG5_aMC_v2_7_3/HEPTools/lhapdf6/lib/libLHAPDF.a
libtool: install: ranlib /home/choij/workspace/ParticlePhysics/HepTools/MG5_aMC_v2_7_3/HEPTools/lhapdf6/lib/libLHAPDF.a
libtool: finish: PATH="/home/choij/workspace/ParticlePhysics/HepTools/MG5_aMC_v2_7_3/HEPTools/bin:/cvmfs/cms.cern.ch/common:/usr/local/bin:/usr/local/sbin:/usr/bin:/usr/sbin:/home/choij/bin:/var/lib/snapd/snap/bin:/sbin" ldconfig -n /home/choij/workspace/ParticlePhysics/HepTools/MG5_aMC_v2_7_3/HEPTools/lhapdf6/lib
----------------------------------------------------------------------
Libraries have been installed in:
   /home/choij/workspace/ParticlePhysics/HepTools/MG5_aMC_v2_7_3/HEPTools/lhapdf6/lib

If you ever happen to want to link against installed libraries
in a given directory, LIBDIR, you must either use libtool, and
specify the full pathname of the library, or use the '-LLIBDIR'
flag during linking and do at least one of the following:
   - add LIBDIR to the 'LD_LIBRARY_PATH' environment variable
     during execution
   - add LIBDIR to the 'LD_RUN_PATH' environment variable
     during linking
   - use the '-Wl,-rpath -Wl,LIBDIR' linker flag
   - have your system administrator add LIBDIR to '/etc/ld.so.conf'

See any operating system documentation about shared libraries for
more information, such as the ld(1) and ld.so(8) manual pages.
----------------------------------------------------------------------
make[3]: Nothing to be done for 'install-data-am'.
make[3]: Leaving directory '/tmp/tmp9cvNRb/LHAPDF-6.2.3/src'
make[2]: Leaving directory '/tmp/tmp9cvNRb/LHAPDF-6.2.3/src'
make[1]: Leaving directory '/tmp/tmp9cvNRb/LHAPDF-6.2.3/src'
Making install in include
make[1]: Entering directory '/tmp/tmp9cvNRb/LHAPDF-6.2.3/include'
Making install in LHAPDF
make[2]: Entering directory '/tmp/tmp9cvNRb/LHAPDF-6.2.3/include/LHAPDF'
make[3]: Entering directory '/tmp/tmp9cvNRb/LHAPDF-6.2.3/include/LHAPDF'
make[3]: Nothing to be done for 'install-exec-am'.
 /usr/bin/mkdir -p '/home/choij/workspace/ParticlePhysics/HepTools/MG5_aMC_v2_7_3/HEPTools/lhapdf6/include/LHAPDF'
 /usr/bin/install -c -m 644 LHAPDF.h Version.h Info.h Config.h PDFSet.h PDFInfo.h PDF.h GridPDF.h KnotArray.h Utils.h FileIO.h Paths.h Exceptions.h Factories.h PDFIndex.h Reweighting.h Interpolator.h BilinearInterpolator.h BicubicInterpolator.h LogBilinearInterpolator.h LogBicubicInterpolator.h Extrapolator.h ErrExtrapolator.h NearestPointExtrapolator.h ContinuationExtrapolator.h AlphaS.h LHAGlue.h '/home/choij/workspace/ParticlePhysics/HepTools/MG5_aMC_v2_7_3/HEPTools/lhapdf6/include/LHAPDF'
make[3]: Leaving directory '/tmp/tmp9cvNRb/LHAPDF-6.2.3/include/LHAPDF'
make[2]: Leaving directory '/tmp/tmp9cvNRb/LHAPDF-6.2.3/include/LHAPDF'
make[2]: Entering directory '/tmp/tmp9cvNRb/LHAPDF-6.2.3/include'
make[3]: Entering directory '/tmp/tmp9cvNRb/LHAPDF-6.2.3/include'
make[3]: Nothing to be done for 'install-exec-am'.
make[3]: Nothing to be done for 'install-data-am'.
make[3]: Leaving directory '/tmp/tmp9cvNRb/LHAPDF-6.2.3/include'
make[2]: Leaving directory '/tmp/tmp9cvNRb/LHAPDF-6.2.3/include'
make[1]: Leaving directory '/tmp/tmp9cvNRb/LHAPDF-6.2.3/include'
Making install in wrappers
make[1]: Entering directory '/tmp/tmp9cvNRb/LHAPDF-6.2.3/wrappers'
Making install in python
make[2]: Entering directory '/tmp/tmp9cvNRb/LHAPDF-6.2.3/wrappers/python'
CC="g++" CXX="g++" /usr/bin/python setup.py install --install-lib=build/ --force
running install
running build
running build_ext
running install_lib
copying build/lib.linux-x86_64-2.7/lhapdf.so -> build
running install_egg_info
Removing build/LHAPDF-6.2.3-py2.7.egg-info
Writing build/LHAPDF-6.2.3-py2.7.egg-info
make[3]: Entering directory '/tmp/tmp9cvNRb/LHAPDF-6.2.3/wrappers/python'
CC="g++" CXX="g++" /usr/bin/python setup.py install --prefix=/home/choij/workspace/ParticlePhysics/HepTools/MG5_aMC_v2_7_3/HEPTools/lhapdf6 --force
running install
running build
running build_ext
running install_lib
creating /home/choij/workspace/ParticlePhysics/HepTools/MG5_aMC_v2_7_3/HEPTools/lhapdf6/lib64
creating /home/choij/workspace/ParticlePhysics/HepTools/MG5_aMC_v2_7_3/HEPTools/lhapdf6/lib64/python2.7
creating /home/choij/workspace/ParticlePhysics/HepTools/MG5_aMC_v2_7_3/HEPTools/lhapdf6/lib64/python2.7/site-packages
copying build/lib.linux-x86_64-2.7/lhapdf.so -> /home/choij/workspace/ParticlePhysics/HepTools/MG5_aMC_v2_7_3/HEPTools/lhapdf6/lib64/python2.7/site-packages
running install_egg_info
Writing /home/choij/workspace/ParticlePhysics/HepTools/MG5_aMC_v2_7_3/HEPTools/lhapdf6/lib64/python2.7/site-packages/LHAPDF-6.2.3-py2.7.egg-info
make[3]: Nothing to be done for 'install-data-am'.
make[3]: Leaving directory '/tmp/tmp9cvNRb/LHAPDF-6.2.3/wrappers/python'
make[2]: Leaving directory '/tmp/tmp9cvNRb/LHAPDF-6.2.3/wrappers/python'
make[2]: Entering directory '/tmp/tmp9cvNRb/LHAPDF-6.2.3/wrappers'
make[3]: Entering directory '/tmp/tmp9cvNRb/LHAPDF-6.2.3/wrappers'
make[3]: Nothing to be done for 'install-exec-am'.
make[3]: Nothing to be done for 'install-data-am'.
make[3]: Leaving directory '/tmp/tmp9cvNRb/LHAPDF-6.2.3/wrappers'
make[2]: Leaving directory '/tmp/tmp9cvNRb/LHAPDF-6.2.3/wrappers'
make[1]: Leaving directory '/tmp/tmp9cvNRb/LHAPDF-6.2.3/wrappers'
Making install in tests
make[1]: Entering directory '/tmp/tmp9cvNRb/LHAPDF-6.2.3/tests'
make[2]: Entering directory '/tmp/tmp9cvNRb/LHAPDF-6.2.3/tests'
make[2]: Nothing to be done for 'install-exec-am'.
make[2]: Nothing to be done for 'install-data-am'.
make[2]: Leaving directory '/tmp/tmp9cvNRb/LHAPDF-6.2.3/tests'
make[1]: Leaving directory '/tmp/tmp9cvNRb/LHAPDF-6.2.3/tests'
Making install in bin
make[1]: Entering directory '/tmp/tmp9cvNRb/LHAPDF-6.2.3/bin'
make[2]: Entering directory '/tmp/tmp9cvNRb/LHAPDF-6.2.3/bin'
 /usr/bin/mkdir -p '/home/choij/workspace/ParticlePhysics/HepTools/MG5_aMC_v2_7_3/HEPTools/lhapdf6/bin'
 /usr/bin/install -c lhapdf-config '/home/choij/workspace/ParticlePhysics/HepTools/MG5_aMC_v2_7_3/HEPTools/lhapdf6/bin'
 /usr/bin/mkdir -p '/home/choij/workspace/ParticlePhysics/HepTools/MG5_aMC_v2_7_3/HEPTools/lhapdf6/bin'
 /usr/bin/install -c lhapdf '/home/choij/workspace/ParticlePhysics/HepTools/MG5_aMC_v2_7_3/HEPTools/lhapdf6/bin'
make[2]: Nothing to be done for 'install-data-am'.
make[2]: Leaving directory '/tmp/tmp9cvNRb/LHAPDF-6.2.3/bin'
make[1]: Leaving directory '/tmp/tmp9cvNRb/LHAPDF-6.2.3/bin'
make[1]: Entering directory '/tmp/tmp9cvNRb/LHAPDF-6.2.3'
make[2]: Entering directory '/tmp/tmp9cvNRb/LHAPDF-6.2.3'
make[2]: Nothing to be done for 'install-exec-am'.
 /usr/bin/mkdir -p '/home/choij/workspace/ParticlePhysics/HepTools/MG5_aMC_v2_7_3/HEPTools/lhapdf6/lib/pkgconfig'
 /usr/bin/install -c -m 644 lhapdf.pc '/home/choij/workspace/ParticlePhysics/HepTools/MG5_aMC_v2_7_3/HEPTools/lhapdf6/lib/pkgconfig'
 /usr/bin/mkdir -p '/home/choij/workspace/ParticlePhysics/HepTools/MG5_aMC_v2_7_3/HEPTools/lhapdf6/share/LHAPDF'
 /usr/bin/install -c -m 644 lhapdf.conf pdfsets.index '/home/choij/workspace/ParticlePhysics/HepTools/MG5_aMC_v2_7_3/HEPTools/lhapdf6/share/LHAPDF'
make  install-data-hook
make[3]: Entering directory '/tmp/tmp9cvNRb/LHAPDF-6.2.3'
test -e /home/choij/workspace/ParticlePhysics/HepTools/MG5_aMC_v2_7_3/HEPTools/lhapdf6/share/LHAPDF/sets && rmdir /home/choij/workspace/ParticlePhysics/HepTools/MG5_aMC_v2_7_3/HEPTools/lhapdf6/share/LHAPDF/sets || true
make[3]: Leaving directory '/tmp/tmp9cvNRb/LHAPDF-6.2.3'
make[2]: Leaving directory '/tmp/tmp9cvNRb/LHAPDF-6.2.3'
make[1]: Leaving directory '/tmp/tmp9cvNRb/LHAPDF-6.2.3'
copy index and conf file
cp: './share/LHAPDF/pdfsets.index' and '/home/choij/workspace/ParticlePhysics/HepTools/MG5_aMC_v2_7_3/HEPTools/lhapdf6/share/LHAPDF/pdfsets.index' are the same file
cp: './share/LHAPDF/lhapdf.conf' and '/home/choij/workspace/ParticlePhysics/HepTools/MG5_aMC_v2_7_3/HEPTools/lhapdf6/share/LHAPDF/lhapdf.conf' are the same file
--2020-12-14 14:49:56--  http://lhapdfsets.web.cern.ch/lhapdfsets/current/NNPDF23_lo_as_0130_qed.tar.gz
Resolving lhapdfsets.web.cern.ch (lhapdfsets.web.cern.ch)... 188.185.90.87, 137.138.31.235, 188.185.87.216, ...
Connecting to lhapdfsets.web.cern.ch (lhapdfsets.web.cern.ch)|188.185.90.87|:80... connected.
HTTP request sent, awaiting response... 302 Found
Location: https://lhapdfsets.web.cern.ch/lhapdfsets/current/NNPDF23_lo_as_0130_qed.tar.gz [following]
--2020-12-14 14:49:59--  https://lhapdfsets.web.cern.ch/lhapdfsets/current/NNPDF23_lo_as_0130_qed.tar.gz
Connecting to lhapdfsets.web.cern.ch (lhapdfsets.web.cern.ch)|188.185.90.87|:443... connected.
HTTP request sent, awaiting response... 302 Found
Location: https://lhapdfsets.web.cern.ch/current/NNPDF23_lo_as_0130_qed.tar.gz [following]
--2020-12-14 14:50:00--  https://lhapdfsets.web.cern.ch/current/NNPDF23_lo_as_0130_qed.tar.gz
Reusing existing connection to lhapdfsets.web.cern.ch:443.
HTTP request sent, awaiting response... 200 OK
Length: 27625668 (26M) [application/x-gzip]
Saving to: ‘NNPDF23_lo_as_0130_qed.tar.gz’

     0K .......... .......... .......... .......... ..........  0% 86.1K 5m13s
    50K .......... .......... .......... .......... ..........  0%  171K 3m55s
   100K .......... .......... .......... .......... ..........  0% 26.2M 2m37s
   150K .......... .......... .......... .......... ..........  0%  173K 2m36s
   200K .......... .......... .......... .......... ..........  0% 68.8M 2m5s
   250K .......... .......... .......... .......... ..........  1% 71.1M 1m44s
   300K .......... .......... .......... .......... ..........  1% 21.9M 89s
   350K .......... .......... .......... .......... ..........  1%  174K 97s
   400K .......... .......... .......... .......... ..........  1% 29.3M 86s
   450K .......... .......... .......... .......... ..........  1% 40.4M 77s
   500K .......... .......... .......... .......... ..........  2% 34.4M 70s
   550K .......... .......... .......... .......... ..........  2% 33.4M 64s
   600K .......... .......... .......... .......... ..........  2% 27.8M 59s
   650K .......... .......... .......... .......... ..........  2% 20.1M 55s
   700K .......... .......... .......... .......... ..........  2% 41.7M 51s
   750K .......... .......... .......... .......... ..........  2%  178K 57s
   800K .......... .......... .......... .......... ..........  3% 33.8M 54s
   850K .......... .......... .......... .......... ..........  3% 22.5M 51s
   900K .......... .......... .......... .......... ..........  3% 36.8M 48s
   950K .......... .......... .......... .......... ..........  3% 29.2M 46s
  1000K .......... .......... .......... .......... ..........  3% 35.9M 43s
  1050K .......... .......... .......... .......... ..........  4% 36.0M 41s
  1100K .......... .......... .......... .......... ..........  4% 31.2M 39s
  1150K .......... .......... .......... .......... ..........  4% 36.3M 38s
  1200K .......... .......... .......... .......... ..........  4% 30.3M 36s
  1250K .......... .......... .......... .......... ..........  4% 30.0M 35s
  1300K .......... .......... .......... .......... ..........  5% 39.2M 33s
  1350K .......... .......... .......... .......... ..........  5% 24.9M 32s
  1400K .......... .......... .......... .......... ..........  5% 31.6M 31s
  1450K .......... .......... .......... .......... ..........  5% 34.3M 30s
  1500K .......... .......... .......... .......... ..........  5%  185K 33s
  1550K .......... .......... .......... .......... ..........  5% 35.2M 32s
  1600K .......... .......... .......... .......... ..........  6% 35.0M 31s
  1650K .......... .......... .......... .......... ..........  6% 31.2M 30s
  1700K .......... .......... .......... .......... ..........  6% 34.6M 29s
  1750K .......... .......... .......... .......... ..........  6% 25.2M 29s
  1800K .......... .......... .......... .......... ..........  6% 28.4M 28s
  1850K .......... .......... .......... .......... ..........  7% 36.4M 27s
  1900K .......... .......... .......... .......... ..........  7% 28.2M 26s
  1950K .......... .......... .......... .......... ..........  7% 31.0M 26s
  2000K .......... .......... .......... .......... ..........  7% 32.5M 25s
  2050K .......... .......... .......... .......... ..........  7% 33.6M 24s
  2100K .......... .......... .......... .......... ..........  7% 39.7M 24s
  2150K .......... .......... .......... .......... ..........  8% 33.9M 23s
  2200K .......... .......... .......... .......... ..........  8% 34.0M 23s
  2250K .......... .......... .......... .......... ..........  8% 36.0M 22s
  2300K .......... .......... .......... .......... ..........  8% 32.0M 22s
  2350K .......... .......... .......... .......... ..........  8% 30.8M 21s
  2400K .......... .......... .......... .......... ..........  9% 33.0M 21s
  2450K .......... .......... .......... .......... ..........  9% 34.5M 20s
  2500K .......... .......... .......... .......... ..........  9% 34.7M 20s
  2550K .......... .......... .......... .......... ..........  9% 31.2M 19s
  2600K .......... .......... .......... .......... ..........  9% 31.5M 19s
  2650K .......... .......... .......... .......... .......... 10% 41.7M 19s
  2700K .......... .......... .......... .......... .......... 10% 33.2M 18s
  2750K .......... .......... .......... .......... .......... 10% 39.0M 18s
  2800K .......... .......... .......... .......... .......... 10% 34.6M 18s
  2850K .......... .......... .......... .......... .......... 10% 26.9M 17s
  2900K .......... .......... .......... .......... .......... 10% 34.9M 17s
  2950K .......... .......... .......... .......... .......... 11% 46.8M 17s
  3000K .......... .......... .......... .......... .......... 11% 33.3M 16s
  3050K .......... .......... .......... .......... .......... 11%  201K 18s
  3100K .......... .......... .......... .......... .......... 11% 13.0M 18s
  3150K .......... .......... .......... .......... .......... 11% 36.6M 17s
  3200K .......... .......... .......... .......... .......... 12% 34.8M 17s
  3250K .......... .......... .......... .......... .......... 12% 38.0M 17s
  3300K .......... .......... .......... .......... .......... 12% 29.7M 17s
  3350K .......... .......... .......... .......... .......... 12% 34.1M 16s
  3400K .......... .......... .......... .......... .......... 12% 31.1M 16s
  3450K .......... .......... .......... .......... .......... 12% 32.3M 16s
  3500K .......... .......... .......... .......... .......... 13% 34.6M 15s
  3550K .......... .......... .......... .......... .......... 13% 20.9M 15s
  3600K .......... .......... .......... .......... .......... 13% 31.5M 15s
  3650K .......... .......... .......... .......... .......... 13% 37.8M 15s
  3700K .......... .......... .......... .......... .......... 13% 37.6M 15s
  3750K .......... .......... .......... .......... .......... 14% 33.2M 14s
  3800K .......... .......... .......... .......... .......... 14% 23.9M 14s
  3850K .......... .......... .......... .......... .......... 14% 36.6M 14s
  3900K .......... .......... .......... .......... .......... 14% 30.4M 14s
  3950K .......... .......... .......... .......... .......... 14% 40.6M 14s
  4000K .......... .......... .......... .......... .......... 15% 30.4M 13s
  4050K .......... .......... .......... .......... .......... 15% 19.9M 13s
  4100K .......... .......... .......... .......... .......... 15% 32.0M 13s
  4150K .......... .......... .......... .......... .......... 15% 33.8M 13s
  4200K .......... .......... .......... .......... .......... 15% 30.2M 13s
  4250K .......... .......... .......... .......... .......... 15% 37.4M 13s
  4300K .......... .......... .......... .......... .......... 16% 33.2M 12s
  4350K .......... .......... .......... .......... .......... 16% 30.7M 12s
  4400K .......... .......... .......... .......... .......... 16% 30.4M 12s
  4450K .......... .......... .......... .......... .......... 16% 29.6M 12s
  4500K .......... .......... .......... .......... .......... 16% 36.6M 12s
  4550K .......... .......... .......... .......... .......... 17% 35.5M 12s
  4600K .......... .......... .......... .......... .......... 17% 34.8M 11s
  4650K .......... .......... .......... .......... .......... 17% 35.3M 11s
  4700K .......... .......... .......... .......... .......... 17% 32.5M 11s
  4750K .......... .......... .......... .......... .......... 17% 29.2M 11s
  4800K .......... .......... .......... .......... .......... 17% 30.1M 11s
  4850K .......... .......... .......... .......... .......... 18% 29.5M 11s
  4900K .......... .......... .......... .......... .......... 18% 30.2M 11s
  4950K .......... .......... .......... .......... .......... 18% 32.4M 11s
  5000K .......... .......... .......... .......... .......... 18% 38.9M 10s
  5050K .......... .......... .......... .......... .......... 18% 28.7M 10s
  5100K .......... .......... .......... .......... .......... 19% 32.6M 10s
  5150K .......... .......... .......... .......... .......... 19% 95.9K 12s
  5200K .......... .......... .......... .......... .......... 19% 6.89M 12s
  5250K .......... .......... .......... .......... .......... 19% 23.2M 12s
  5300K .......... .......... .......... .......... .......... 19% 10.8M 12s
  5350K .......... .......... .......... .......... .......... 20% 6.57M 12s
  5400K .......... .......... .......... .......... .......... 20% 16.0M 12s
  5450K .......... .......... .......... .......... .......... 20% 54.6M 11s
  5500K .......... .......... .......... .......... .......... 20% 29.8M 11s
  5550K .......... .......... .......... .......... .......... 20% 7.04M 11s
  5600K .......... .......... .......... .......... .......... 20% 16.2M 11s
  5650K .......... .......... .......... .......... .......... 21% 2.58M 11s
  5700K .......... .......... .......... .......... .......... 21%  115M 11s
  5750K .......... .......... .......... .......... .......... 21%  100M 11s
  5800K .......... .......... .......... .......... .......... 21% 6.55M 11s
  5850K .......... .......... .......... .......... .......... 21% 4.67M 11s
  5900K .......... .......... .......... .......... .......... 22% 52.0M 11s
  5950K .......... .......... .......... .......... .......... 22% 45.6M 10s
  6000K .......... .......... .......... .......... .......... 22% 50.0M 10s
  6050K .......... .......... .......... .......... .......... 22% 29.6M 10s
  6100K .......... .......... .......... .......... .......... 22% 17.1M 10s
  6150K .......... .......... .......... .......... .......... 22% 54.9M 10s
  6200K .......... .......... .......... .......... .......... 23% 52.6M 10s
  6250K .......... .......... .......... .......... .......... 23% 42.2M 10s
  6300K .......... .......... .......... .......... .......... 23% 54.6M 10s
  6350K .......... .......... .......... .......... .......... 23% 58.7M 10s
  6400K .......... .......... .......... .......... .......... 23% 50.8M 10s
  6450K .......... .......... .......... .......... .......... 24% 58.6M 9s
  6500K .......... .......... .......... .......... .......... 24% 59.2M 9s
  6550K .......... .......... .......... .......... .......... 24% 52.0M 9s
  6600K .......... .......... .......... .......... .......... 24% 49.8M 9s
  6650K .......... .......... .......... .......... .......... 24% 53.9M 9s
  6700K .......... .......... .......... .......... .......... 25% 49.4M 9s
  6750K .......... .......... .......... .......... .......... 25% 54.1M 9s
  6800K .......... .......... .......... .......... .......... 25% 59.3M 9s
  6850K .......... .......... .......... .......... .......... 25% 45.8M 9s
  6900K .......... .......... .......... .......... .......... 25% 59.9M 9s
  6950K .......... .......... .......... .......... .......... 25% 50.6M 9s
  7000K .......... .......... .......... .......... .......... 26% 49.0M 9s
  7050K .......... .......... .......... .......... .......... 26% 55.5M 8s
  7100K .......... .......... .......... .......... .......... 26% 50.0M 8s
  7150K .......... .......... .......... .......... .......... 26% 50.2M 8s
  7200K .......... .......... .......... .......... .......... 26% 60.7M 8s
  7250K .......... .......... .......... .......... .......... 27% 50.6M 8s
  7300K .......... .......... .......... .......... .......... 27% 56.5M 8s
  7350K .......... .......... .......... .......... .......... 27% 52.0M 8s
  7400K .......... .......... .......... .......... .......... 27% 52.7M 8s
  7450K .......... .......... .......... .......... .......... 27% 69.7M 8s
  7500K .......... .......... .......... .......... .......... 27% 71.5M 8s
  7550K .......... .......... .......... .......... .......... 28% 85.9M 8s
  7600K .......... .......... .......... .......... .......... 28% 72.0M 8s
  7650K .......... .......... .......... .......... .......... 28% 85.1M 8s
  7700K .......... .......... .......... .......... .......... 28% 83.4M 8s
  7750K .......... .......... .......... .......... .......... 28% 73.8M 7s
  7800K .......... .......... .......... .......... .......... 29% 75.6M 7s
  7850K .......... .......... .......... .......... .......... 29% 85.7M 7s
  7900K .......... .......... .......... .......... .......... 29%  115M 7s
  7950K .......... .......... .......... .......... .......... 29%  113M 7s
  8000K .......... .......... .......... .......... .......... 29% 88.7M 7s
  8050K .......... .......... .......... .......... .......... 30% 99.5M 7s
  8100K .......... .......... .......... .......... .......... 30%  102M 7s
  8150K .......... .......... .......... .......... .......... 30%  114M 7s
  8200K .......... .......... .......... .......... .......... 30%  195K 7s
  8250K .......... .......... .......... .......... .......... 30%  123M 7s
  8300K .......... .......... .......... .......... .......... 30% 45.7M 7s
  8350K .......... .......... .......... .......... .......... 31%  259M 7s
  8400K .......... .......... .......... .......... .......... 31% 27.1M 7s
  8450K .......... .......... .......... .......... .......... 31% 30.1M 7s
  8500K .......... .......... .......... .......... .......... 31% 24.9M 7s
  8550K .......... .......... .......... .......... .......... 31% 28.8M 7s
  8600K .......... .......... .......... .......... .......... 32% 28.1M 7s
  8650K .......... .......... .......... .......... .......... 32% 31.6M 7s
  8700K .......... .......... .......... .......... .......... 32% 26.8M 7s
  8750K .......... .......... .......... .......... .......... 32% 34.1M 7s
  8800K .......... .......... .......... .......... .......... 32% 28.9M 7s
  8850K .......... .......... .......... .......... .......... 32% 24.4M 7s
  8900K .......... .......... .......... .......... .......... 33% 31.7M 7s
  8950K .......... .......... .......... .......... .......... 33% 31.7M 7s
  9000K .......... .......... .......... .......... .......... 33% 30.3M 7s
  9050K .......... .......... .......... .......... .......... 33% 28.0M 7s
  9100K .......... .......... .......... .......... .......... 33% 30.7M 6s
  9150K .......... .......... .......... .......... .......... 34% 26.0M 6s
  9200K .......... .......... .......... .......... .......... 34% 33.4M 6s
  9250K .......... .......... .......... .......... .......... 34% 31.4M 6s
  9300K .......... .......... .......... .......... .......... 34% 31.4M 6s
  9350K .......... .......... .......... .......... .......... 34% 35.4M 6s
  9400K .......... .......... .......... .......... .......... 35% 32.6M 6s
  9450K .......... .......... .......... .......... .......... 35% 34.8M 6s
  9500K .......... .......... .......... .......... .......... 35%  106K 7s
  9550K .......... .......... .......... .......... .......... 35% 11.6M 7s
  9600K .......... .......... .......... .......... .......... 35%  232M 7s
  9650K .......... .......... .......... .......... .......... 35%  234M 7s
  9700K .......... .......... .......... .......... .......... 36%  242M 7s
  9750K .......... .......... .......... .......... .......... 36% 25.4M 7s
  9800K .......... .......... .......... .......... .......... 36% 36.3M 7s
  9850K .......... .......... .......... .......... .......... 36% 57.5M 7s
  9900K .......... .......... .......... .......... .......... 36%  203M 7s
  9950K .......... .......... .......... .......... .......... 37%  233M 6s
 10000K .......... .......... .......... .......... .......... 37%  243M 6s
 10050K .......... .......... .......... .......... .......... 37%  241M 6s
 10100K .......... .......... .......... .......... .......... 37%  217M 6s
 10150K .......... .......... .......... .......... .......... 37%  242M 6s
 10200K .......... .......... .......... .......... .......... 37%  238M 6s
 10250K .......... .......... .......... .......... .......... 38%  245M 6s
 10300K .......... .......... .......... .......... .......... 38%  208M 6s
 10350K .......... .......... .......... .......... .......... 38%  246M 6s
 10400K .......... .......... .......... .......... .......... 38%  244M 6s
 10450K .......... .......... .......... .......... .......... 38%  239M 6s
 10500K .......... .......... .......... .......... .......... 39%  218M 6s
 10550K .......... .......... .......... .......... .......... 39%  245M 6s
 10600K .......... .......... .......... .......... .......... 39%  245M 6s
 10650K .......... .......... .......... .......... .......... 39%  241M 6s
 10700K .......... .......... .......... .......... .......... 39%  208M 6s
 10750K .......... .......... .......... .......... .......... 40%  225M 6s
 10800K .......... .......... .......... .......... .......... 40%  227M 6s
 10850K .......... .......... .......... .......... .......... 40%  199M 6s
 10900K .......... .......... .......... .......... .......... 40%  218M 6s
 10950K .......... .......... .......... .......... .......... 40%  227M 6s
 11000K .......... .......... .......... .......... .......... 40%  225M 5s
 11050K .......... .......... .......... .......... .......... 41%  192M 5s
 11100K .......... .......... .......... .......... .......... 41%  220M 5s
 11150K .......... .......... .......... .......... .......... 41%  223M 5s
 11200K .......... .......... .......... .......... .......... 41%  227M 5s
 11250K .......... .......... .......... .......... .......... 41%  236M 5s
 11300K .......... .......... .......... .......... .......... 42%  262M 5s
 11350K .......... .......... .......... .......... .......... 42%  219M 5s
 11400K .......... .......... .......... .......... .......... 42%  263M 5s
 11450K .......... .......... .......... .......... .......... 42%  224M 5s
 11500K .......... .......... .......... .......... .......... 42%  264M 5s
 11550K .......... .......... .......... .......... .......... 42%  207M 5s
 11600K .......... .......... .......... .......... .......... 43%  216M 5s
 11650K .......... .......... .......... .......... .......... 43%  231M 5s
 11700K .......... .......... .......... .......... .......... 43%  263M 5s
 11750K .......... .......... .......... .......... .......... 43%  260M 5s
 11800K .......... .......... .......... .......... .......... 43%  228M 5s
 11850K .......... .......... .......... .......... .......... 44%  217M 5s
 11900K .......... .......... .......... .......... .......... 44%  258M 5s
 11950K .......... .......... .......... .......... .......... 44%  262M 5s
 12000K .......... .......... .......... .......... .......... 44%  234M 5s
 12050K .......... .......... .......... .......... .......... 44%  255M 5s
 12100K .......... .......... .......... .......... .......... 45%  217M 5s
 12150K .......... .......... .......... .......... .......... 45%  508K 5s
 12200K .......... .......... .......... .......... .......... 45% 7.43M 5s
 12250K .......... .......... .......... .......... .......... 45% 5.85M 5s
 12300K .......... .......... .......... .......... .......... 45% 33.3M 5s
 12350K .......... .......... .......... .......... .......... 45%  334K 5s
 12400K .......... .......... .......... .......... .......... 46% 31.7M 5s
 12450K .......... .......... .......... .......... .......... 46% 38.0M 5s
 12500K .......... .......... .......... .......... .......... 46% 35.0M 5s
 12550K .......... .......... .......... .......... .......... 46% 5.25M 5s
 12600K .......... .......... .......... .......... .......... 46% 9.81M 5s
 12650K .......... .......... .......... .......... .......... 47% 33.2M 5s
 12700K .......... .......... .......... .......... .......... 47% 34.1M 5s
 12750K .......... .......... .......... .......... .......... 47% 31.7M 5s
 12800K .......... .......... .......... .......... .......... 47% 35.3M 5s
 12850K .......... .......... .......... .......... .......... 47% 29.2M 4s
 12900K .......... .......... .......... .......... .......... 48% 34.0M 4s
 12950K .......... .......... .......... .......... .......... 48% 27.5M 4s
 13000K .......... .......... .......... .......... .......... 48% 35.5M 4s
 13050K .......... .......... .......... .......... .......... 48% 33.8M 4s
 13100K .......... .......... .......... .......... .......... 48% 36.2M 4s
 13150K .......... .......... .......... .......... .......... 48% 30.9M 4s
 13200K .......... .......... .......... .......... .......... 49% 36.2M 4s
 13250K .......... .......... .......... .......... .......... 49% 31.4M 4s
 13300K .......... .......... .......... .......... .......... 49% 33.5M 4s
 13350K .......... .......... .......... .......... .......... 49% 28.0M 4s
 13400K .......... .......... .......... .......... .......... 49% 33.9M 4s
 13450K .......... .......... .......... .......... .......... 50% 35.9M 4s
 13500K .......... .......... .......... .......... .......... 50% 39.9M 4s
 13550K .......... .......... .......... .......... .......... 50% 33.0M 4s
 13600K .......... .......... .......... .......... .......... 50% 34.6M 4s
 13650K .......... .......... .......... .......... .......... 50% 26.5M 4s
 13700K .......... .......... .......... .......... .......... 50% 35.6M 4s
 13750K .......... .......... .......... .......... .......... 51% 27.9M 4s
 13800K .......... .......... .......... .......... .......... 51% 39.8M 4s
 13850K .......... .......... .......... .......... .......... 51% 38.0M 4s
 13900K .......... .......... .......... .......... .......... 51% 36.9M 4s
 13950K .......... .......... .......... .......... .......... 51% 38.1M 4s
 14000K .......... .......... .......... .......... .......... 52% 38.3M 4s
 14050K .......... .......... .......... .......... .......... 52% 29.3M 4s
 14100K .......... .......... .......... .......... .......... 52% 25.7M 4s
 14150K .......... .......... .......... .......... .......... 52% 35.4M 4s
 14200K .......... .......... .......... .......... .......... 52% 36.1M 4s
 14250K .......... .......... .......... .......... .......... 53% 29.2M 4s
 14300K .......... .......... .......... .......... .......... 53% 37.3M 4s
 14350K .......... .......... .......... .......... .......... 53% 34.7M 4s
 14400K .......... .......... .......... .......... .......... 53% 29.7M 4s
 14450K .......... .......... .......... .......... .......... 53% 36.8M 4s
 14500K .......... .......... .......... .......... .......... 53% 26.8M 4s
 14550K .......... .......... .......... .......... .......... 54% 34.2M 4s
 14600K .......... .......... .......... .......... .......... 54% 33.3M 3s
 14650K .......... .......... .......... .......... .......... 54% 37.2M 3s
 14700K .......... .......... .......... .......... .......... 54% 35.7M 3s
 14750K .......... .......... .......... .......... .......... 54% 35.5M 3s
 14800K .......... .......... .......... .......... .......... 55% 1.12M 3s
 14850K .......... .......... .......... .......... .......... 55% 9.20M 3s
 14900K .......... .......... .......... .......... .......... 55% 4.47M 3s
 14950K .......... .......... .......... .......... .......... 55% 27.2M 3s
 15000K .......... .......... .......... .......... .......... 55%  328K 3s
 15050K .......... .......... .......... .......... .......... 55% 39.7M 3s
 15100K .......... .......... .......... .......... .......... 56% 36.4M 3s
 15150K .......... .......... .......... .......... .......... 56% 32.8M 3s
 15200K .......... .......... .......... .......... .......... 56% 4.14M 3s
 15250K .......... .......... .......... .......... .......... 56% 27.5M 3s
 15300K .......... .......... .......... .......... .......... 56% 5.92M 3s
 15350K .......... .......... .......... .......... .......... 57% 6.84M 3s
 15400K .......... .......... .......... .......... .......... 57% 38.4M 3s
 15450K .......... .......... .......... .......... .......... 57% 34.3M 3s
 15500K .......... .......... .......... .......... .......... 57% 7.78M 3s
 15550K .......... .......... .......... .......... .......... 57% 52.9M 3s
 15600K .......... .......... .......... .......... .......... 58% 31.6M 3s
 15650K .......... .......... .......... .......... .......... 58%  138M 3s
 15700K .......... .......... .......... .......... .......... 58%  171M 3s
 15750K .......... .......... .......... .......... .......... 58% 13.0M 3s
 15800K .......... .......... .......... .......... .......... 58% 32.1M 3s
 15850K .......... .......... .......... .......... .......... 58% 6.34M 3s
 15900K .......... .......... .......... .......... .......... 59% 49.2M 3s
 15950K .......... .......... .......... .......... .......... 59% 51.9M 3s
 16000K .......... .......... .......... .......... .......... 59% 3.13M 3s
 16050K .......... .......... .......... .......... .......... 59% 42.5M 3s
 16100K .......... .......... .......... .......... .......... 59% 35.1M 3s
 16150K .......... .......... .......... .......... .......... 60% 36.5M 3s
 16200K .......... .......... .......... .......... .......... 60% 5.20M 3s
 16250K .......... .......... .......... .......... .......... 60% 41.1M 3s
 16300K .......... .......... .......... .......... .......... 60% 31.9M 3s
 16350K .......... .......... .......... .......... .......... 60% 40.7M 3s
 16400K .......... .......... .......... .......... .......... 60% 33.0M 3s
 16450K .......... .......... .......... .......... .......... 61% 41.1M 3s
 16500K .......... .......... .......... .......... .......... 61% 37.8M 3s
 16550K .......... .......... .......... .......... .......... 61% 39.1M 3s
 16600K .......... .......... .......... .......... .......... 61% 35.4M 3s
 16650K .......... .......... .......... .......... .......... 61% 39.4M 3s
 16700K .......... .......... .......... .......... .......... 62% 41.2M 3s
 16750K .......... .......... .......... .......... .......... 62% 37.3M 3s
 16800K .......... .......... .......... .......... .......... 62% 30.7M 3s
 16850K .......... .......... .......... .......... .......... 62% 39.0M 3s
 16900K .......... .......... .......... .......... .......... 62%  103K 3s
 16950K .......... .......... .......... .......... .......... 63% 13.9M 3s
 17000K .......... .......... .......... .......... .......... 63% 1.41M 3s
 17050K .......... .......... .......... .......... .......... 63% 6.83M 3s
 17100K .......... .......... .......... .......... .......... 63% 29.0M 3s
 17150K .......... .......... .......... .......... .......... 63% 24.3M 3s
 17200K .......... .......... .......... .......... .......... 63% 9.79M 3s
 17250K .......... .......... .......... .......... .......... 64% 27.4M 3s
 17300K .......... .......... .......... .......... .......... 64% 52.3M 3s
 17350K .......... .......... .......... .......... .......... 64% 46.2M 3s
 17400K .......... .......... .......... .......... .......... 64% 53.0M 3s
 17450K .......... .......... .......... .......... .......... 64% 57.3M 3s
 17500K .......... .......... .......... .......... .......... 65% 59.9M 3s
 17550K .......... .......... .......... .......... .......... 65% 50.6M 3s
 17600K .......... .......... .......... .......... .......... 65% 58.4M 3s
 17650K .......... .......... .......... .......... .......... 65% 58.3M 3s
 17700K .......... .......... .......... .......... .......... 65% 59.1M 3s
 17750K .......... .......... .......... .......... .......... 65% 52.1M 3s
 17800K .......... .......... .......... .......... .......... 66% 58.5M 3s
 17850K .......... .......... .......... .......... .......... 66% 58.0M 3s
 17900K .......... .......... .......... .......... .......... 66% 50.7M 3s
 17950K .......... .......... .......... .......... .......... 66% 59.6M 3s
 18000K .......... .......... .......... .......... .......... 66% 59.1M 2s
 18050K .......... .......... .......... .......... .......... 67% 58.7M 2s
 18100K .......... .......... .......... .......... .......... 67% 52.1M 2s
 18150K .......... .......... .......... .......... .......... 67% 57.5M 2s
 18200K .......... .......... .......... .......... .......... 67% 59.0M 2s
 18250K .......... .......... .......... .......... .......... 67% 59.9M 2s
 18300K .......... .......... .......... .......... .......... 68% 50.6M 2s
 18350K .......... .......... .......... .......... .......... 68% 58.5M 2s
 18400K .......... .......... .......... .......... .......... 68% 59.2M 2s
 18450K .......... .......... .......... .......... .......... 68% 59.1M 2s
 18500K .......... .......... .......... .......... .......... 68% 52.2M 2s
 18550K .......... .......... .......... .......... .......... 68% 59.0M 2s
 18600K .......... .......... .......... .......... .......... 69% 60.0M 2s
 18650K .......... .......... .......... .......... .......... 69% 58.2M 2s
 18700K .......... .......... .......... .......... .......... 69% 55.6M 2s
 18750K .......... .......... .......... .......... .......... 69% 83.6M 2s
 18800K .......... .......... .......... .......... .......... 69% 85.2M 2s
 18850K .......... .......... .......... .......... .......... 70% 83.8M 2s
 18900K .......... .......... .......... .......... .......... 70% 73.7M 2s
 18950K .......... .......... .......... .......... .......... 70% 86.9M 2s
 19000K .......... .......... .......... .......... .......... 70% 84.5M 2s
 19050K .......... .......... .......... .......... .......... 70% 73.2M 2s
 19100K .......... .......... .......... .......... .......... 70% 85.6M 2s
 19150K .......... .......... .......... .......... .......... 71%  108M 2s
 19200K .......... .......... .......... .......... .......... 71%  109M 2s
 19250K .......... .......... .......... .......... .......... 71%  100M 2s
 19300K .......... .......... .......... .......... .......... 71%  110M 2s
 19350K .......... .......... .......... .......... .......... 71%  112M 2s
 19400K .......... .......... .......... .......... .......... 72%  109M 2s
 19450K .......... .......... .......... .......... .......... 72% 96.8M 2s
 19500K .......... .......... .......... .......... .......... 72%  111M 2s
 19550K .......... .......... .......... .......... .......... 72%  112M 2s
 19600K .......... .......... .......... .......... .......... 72%  113M 2s
 19650K .......... .......... .......... .......... .......... 73% 97.6M 2s
 19700K .......... .......... .......... .......... .......... 73%  139M 2s
 19750K .......... .......... .......... .......... .......... 73%  137M 2s
 19800K .......... .......... .......... .......... .......... 73%  138M 2s
 19850K .......... .......... .......... .......... .......... 73%  119M 2s
 19900K .......... .......... .......... .......... .......... 73%  136M 2s
 19950K .......... .......... .......... .......... .......... 74%  191K 2s
 20000K .......... .......... .......... .......... .......... 74% 29.4M 2s
 20050K .......... .......... .......... .......... .......... 74% 48.5M 2s
 20100K .......... .......... .......... .......... .......... 74% 50.4M 2s
 20150K .......... .......... .......... .......... .......... 74% 40.8M 2s
 20200K .......... .......... .......... .......... .......... 75% 24.2M 2s
 20250K .......... .......... .......... .......... .......... 75% 37.5M 2s
 20300K .......... .......... .......... .......... .......... 75% 33.0M 2s
 20350K .......... .......... .......... .......... .......... 75% 38.9M 2s
 20400K .......... .......... .......... .......... .......... 75% 31.7M 2s
 20450K .......... .......... .......... .......... .......... 75% 32.3M 2s
 20500K .......... .......... .......... .......... .......... 76% 30.7M 2s
 20550K .......... .......... .......... .......... .......... 76% 28.6M 2s
 20600K .......... .......... .......... .......... .......... 76% 23.2M 2s
 20650K .......... .......... .......... .......... .......... 76% 26.5M 2s
 20700K .......... .......... .......... .......... .......... 76% 34.2M 2s
 20750K .......... .......... .......... .......... .......... 77% 33.8M 2s
 20800K .......... .......... .......... .......... .......... 77% 29.5M 2s
 20850K .......... .......... .......... .......... .......... 77% 34.0M 2s
 20900K .......... .......... .......... .......... .......... 77% 32.2M 2s
 20950K .......... .......... .......... .......... .......... 77% 26.1M 2s
 21000K .......... .......... .......... .......... .......... 78% 35.0M 2s
 21050K .......... .......... .......... .......... .......... 78% 32.7M 1s
 21100K .......... .......... .......... .......... .......... 78% 34.1M 1s
 21150K .......... .......... .......... .......... .......... 78% 31.6M 1s
 21200K .......... .......... .......... .......... .......... 78% 23.4M 1s
 21250K .......... .......... .......... .......... .......... 78% 34.0M 1s
 21300K .......... .......... .......... .......... .......... 79% 32.5M 1s
 21350K .......... .......... .......... .......... .......... 79% 29.9M 1s
 21400K .......... .......... .......... .......... .......... 79% 35.9M 1s
 21450K .......... .......... .......... .......... .......... 79% 33.4M 1s
 21500K .......... .......... .......... .......... .......... 79% 35.7M 1s
 21550K .......... .......... .......... .......... .......... 80% 33.9M 1s
 21600K .......... .......... .......... .......... .......... 80% 35.8M 1s
 21650K .......... .......... .......... .......... .......... 80% 36.9M 1s
 21700K .......... .......... .......... .......... .......... 80% 35.3M 1s
 21750K .......... .......... .......... .......... .......... 80% 25.0M 1s
 21800K .......... .......... .......... .......... .......... 80% 28.5M 1s
 21850K .......... .......... .......... .......... .......... 81%  209K 1s
 21900K .......... .......... .......... .......... .......... 81% 44.1M 1s
 21950K .......... .......... .......... .......... .......... 81% 6.91M 1s
 22000K .......... .......... .......... .......... .......... 81% 50.3M 1s
 22050K .......... .......... .......... .......... .......... 81% 6.93M 1s
 22100K .......... .......... .......... .......... .......... 82% 42.0M 1s
 22150K .......... .......... .......... .......... .......... 82% 6.10M 1s
 22200K .......... .......... .......... .......... .......... 82% 8.23M 1s
 22250K .......... .......... .......... .......... .......... 82% 44.5M 1s
 22300K .......... .......... .......... .......... .......... 82% 35.1M 1s
 22350K .......... .......... .......... .......... .......... 83% 39.7M 1s
 22400K .......... .......... .......... .......... .......... 83% 37.2M 1s
 22450K .......... .......... .......... .......... .......... 83% 31.5M 1s
 22500K .......... .......... .......... .......... .......... 83% 24.5M 1s
 22550K .......... .......... .......... .......... .......... 83% 35.7M 1s
 22600K .......... .......... .......... .......... .......... 83% 36.0M 1s
 22650K .......... .......... .......... .......... .......... 84% 34.4M 1s
 22700K .......... .......... .......... .......... .......... 84% 30.6M 1s
 22750K .......... .......... .......... .......... .......... 84% 29.4M 1s
 22800K .......... .......... .......... .......... .......... 84% 37.0M 1s
 22850K .......... .......... .......... .......... .......... 84% 30.2M 1s
 22900K .......... .......... .......... .......... .......... 85% 33.0M 1s
 22950K .......... .......... .......... .......... .......... 85% 41.9M 1s
 23000K .......... .......... .......... .......... .......... 85% 29.1M 1s
 23050K .......... .......... .......... .......... .......... 85% 43.3M 1s
 23100K .......... .......... .......... .......... .......... 85% 54.7M 1s
 23150K .......... .......... .......... .......... .......... 85% 40.6M 1s
 23200K .......... .......... .......... .......... .......... 86% 30.4M 1s
 23250K .......... .......... .......... .......... .......... 86% 26.5M 1s
 23300K .......... .......... .......... .......... .......... 86% 37.1M 1s
 23350K .......... .......... .......... .......... .......... 86% 32.7M 1s
 23400K .......... .......... .......... .......... .......... 86% 31.2M 1s
 23450K .......... .......... .......... .......... .......... 87% 32.5M 1s
 23500K .......... .......... .......... .......... .......... 87% 34.2M 1s
 23550K .......... .......... .......... .......... .......... 87% 37.5M 1s
 23600K .......... .......... .......... .......... .......... 87% 32.5M 1s
 23650K .......... .......... .......... .......... .......... 87% 22.6M 1s
 23700K .......... .......... .......... .......... .......... 88% 30.3M 1s
 23750K .......... .......... .......... .......... .......... 88%  245K 1s
 23800K .......... .......... .......... .......... .......... 88% 4.85M 1s
 23850K .......... .......... .......... .......... .......... 88% 25.1M 1s
 23900K .......... .......... .......... .......... .......... 88% 7.49M 1s
 23950K .......... .......... .......... .......... .......... 88% 37.5M 1s
 24000K .......... .......... .......... .......... .......... 89% 5.92M 1s
 24050K .......... .......... .......... .......... .......... 89% 6.55M 1s
 24100K .......... .......... .......... .......... .......... 89% 37.9M 1s
 24150K .......... .......... .......... .......... .......... 89% 6.88M 1s
 24200K .......... .......... .......... .......... .......... 89% 6.17M 1s
 24250K .......... .......... .......... .......... .......... 90% 34.8M 1s
 24300K .......... .......... .......... .......... .......... 90% 31.5M 1s
 24350K .......... .......... .......... .......... .......... 90% 13.2M 1s
 24400K .......... .......... .......... .......... .......... 90% 27.4M 1s
 24450K .......... .......... .......... .......... .......... 90% 37.6M 1s
 24500K .......... .......... .......... .......... .......... 90% 35.9M 1s
 24550K .......... .......... .......... .......... .......... 91% 34.7M 1s
 24600K .......... .......... .......... .......... .......... 91% 26.8M 1s
 24650K .......... .......... .......... .......... .......... 91% 32.0M 1s
 24700K .......... .......... .......... .......... .......... 91% 36.1M 1s
 24750K .......... .......... .......... .......... .......... 91% 37.0M 1s
 24800K .......... .......... .......... .......... .......... 92% 26.3M 1s
 24850K .......... .......... .......... .......... .......... 92% 38.0M 0s
 24900K .......... .......... .......... .......... .......... 92% 24.9M 0s
 24950K .......... .......... .......... .......... .......... 92% 37.9M 0s
 25000K .......... .......... .......... .......... .......... 92% 30.9M 0s
 25050K .......... .......... .......... .......... .......... 93% 35.8M 0s
 25100K .......... .......... .......... .......... .......... 93% 28.8M 0s
 25150K .......... .......... .......... .......... .......... 93% 11.4M 0s
 25200K .......... .......... .......... .......... .......... 93% 36.1M 0s
 25250K .......... .......... .......... .......... .......... 93% 37.7M 0s
 25300K .......... .......... .......... .......... .......... 93% 36.4M 0s
 25350K .......... .......... .......... .......... .......... 94% 29.2M 0s
 25400K .......... .......... .......... .......... .......... 94% 30.8M 0s
 25450K .......... .......... .......... .......... .......... 94% 37.0M 0s
 25500K .......... .......... .......... .......... .......... 94% 37.1M 0s
 25550K .......... .......... .......... .......... .......... 94% 26.5M 0s
 25600K .......... .......... .......... .......... .......... 95% 36.0M 0s
 25650K .......... .......... .......... .......... .......... 95% 29.7M 0s
 25700K .......... .......... .......... .......... .......... 95% 32.0M 0s
 25750K .......... .......... .......... .......... .......... 95%  245K 0s
 25800K .......... .......... .......... .......... .......... 95% 48.7M 0s
 25850K .......... .......... .......... .......... .......... 96% 6.69M 0s
 25900K .......... .......... .......... .......... .......... 96% 49.0M 0s
 25950K .......... .......... .......... .......... .......... 96% 8.00M 0s
 26000K .......... .......... .......... .......... .......... 96% 12.5M 0s
 26050K .......... .......... .......... .......... .......... 96% 10.3M 0s
 26100K .......... .......... .......... .......... .......... 96% 15.5M 0s
 26150K .......... .......... .......... .......... .......... 97% 6.87M 0s
 26200K .......... .......... .......... .......... .......... 97% 9.02M 0s
 26250K .......... .......... .......... .......... .......... 97% 22.6M 0s
 26300K .......... .......... .......... .......... .......... 97% 5.54M 0s
 26350K .......... .......... .......... .......... .......... 97% 40.0M 0s
 26400K .......... .......... .......... .......... .......... 98% 32.2M 0s
 26450K .......... .......... .......... .......... .......... 98% 13.1M 0s
 26500K .......... .......... .......... .......... .......... 98% 28.5M 0s
 26550K .......... .......... .......... .......... .......... 98% 33.9M 0s
 26600K .......... .......... .......... .......... .......... 98% 28.8M 0s
 26650K .......... .......... .......... .......... .......... 98% 30.6M 0s
 26700K .......... .......... .......... .......... .......... 99% 26.2M 0s
 26750K .......... .......... .......... .......... .......... 99% 31.1M 0s
 26800K .......... .......... .......... .......... .......... 99% 37.4M 0s
 26850K .......... .......... .......... .......... .......... 99% 33.5M 0s
 26900K .......... .......... .......... .......... .......... 99% 28.7M 0s
 26950K .......... .......... ........                        100% 43.3M=6.3s

2020-12-14 14:50:06 (4.20 MB/s) - ‘NNPDF23_lo_as_0130_qed.tar.gz’ saved [27625668/27625668]

NNPDF23_lo_as_0130_qed/NNPDF23_lo_as_0130_qed_0000.dat
NNPDF23_lo_as_0130_qed/NNPDF23_lo_as_0130_qed_0001.dat
NNPDF23_lo_as_0130_qed/NNPDF23_lo_as_0130_qed_0002.dat
NNPDF23_lo_as_0130_qed/NNPDF23_lo_as_0130_qed_0003.dat
NNPDF23_lo_as_0130_qed/NNPDF23_lo_as_0130_qed_0004.dat
NNPDF23_lo_as_0130_qed/NNPDF23_lo_as_0130_qed_0005.dat
NNPDF23_lo_as_0130_qed/NNPDF23_lo_as_0130_qed_0006.dat
NNPDF23_lo_as_0130_qed/NNPDF23_lo_as_0130_qed_0007.dat
NNPDF23_lo_as_0130_qed/NNPDF23_lo_as_0130_qed_0008.dat
NNPDF23_lo_as_0130_qed/NNPDF23_lo_as_0130_qed_0009.dat
NNPDF23_lo_as_0130_qed/NNPDF23_lo_as_0130_qed_0010.dat
NNPDF23_lo_as_0130_qed/NNPDF23_lo_as_0130_qed_0011.dat
NNPDF23_lo_as_0130_qed/NNPDF23_lo_as_0130_qed_0012.dat
NNPDF23_lo_as_0130_qed/NNPDF23_lo_as_0130_qed_0013.dat
NNPDF23_lo_as_0130_qed/NNPDF23_lo_as_0130_qed_0014.dat
NNPDF23_lo_as_0130_qed/NNPDF23_lo_as_0130_qed_0015.dat
NNPDF23_lo_as_0130_qed/NNPDF23_lo_as_0130_qed_0016.dat
NNPDF23_lo_as_0130_qed/NNPDF23_lo_as_0130_qed_0017.dat
NNPDF23_lo_as_0130_qed/NNPDF23_lo_as_0130_qed_0018.dat
NNPDF23_lo_as_0130_qed/NNPDF23_lo_as_0130_qed_0019.dat
NNPDF23_lo_as_0130_qed/NNPDF23_lo_as_0130_qed_0020.dat
NNPDF23_lo_as_0130_qed/NNPDF23_lo_as_0130_qed_0021.dat
NNPDF23_lo_as_0130_qed/NNPDF23_lo_as_0130_qed_0022.dat
NNPDF23_lo_as_0130_qed/NNPDF23_lo_as_0130_qed_0023.dat
NNPDF23_lo_as_0130_qed/NNPDF23_lo_as_0130_qed_0024.dat
NNPDF23_lo_as_0130_qed/NNPDF23_lo_as_0130_qed_0025.dat
NNPDF23_lo_as_0130_qed/NNPDF23_lo_as_0130_qed_0026.dat
NNPDF23_lo_as_0130_qed/NNPDF23_lo_as_0130_qed_0027.dat
NNPDF23_lo_as_0130_qed/NNPDF23_lo_as_0130_qed_0028.dat
NNPDF23_lo_as_0130_qed/NNPDF23_lo_as_0130_qed_0029.dat
NNPDF23_lo_as_0130_qed/NNPDF23_lo_as_0130_qed_0030.dat
NNPDF23_lo_as_0130_qed/NNPDF23_lo_as_0130_qed_0031.dat
NNPDF23_lo_as_0130_qed/NNPDF23_lo_as_0130_qed_0032.dat
NNPDF23_lo_as_0130_qed/NNPDF23_lo_as_0130_qed_0033.dat
NNPDF23_lo_as_0130_qed/NNPDF23_lo_as_0130_qed_0034.dat
NNPDF23_lo_as_0130_qed/NNPDF23_lo_as_0130_qed_0035.dat
NNPDF23_lo_as_0130_qed/NNPDF23_lo_as_0130_qed_0036.dat
NNPDF23_lo_as_0130_qed/NNPDF23_lo_as_0130_qed_0037.dat
NNPDF23_lo_as_0130_qed/NNPDF23_lo_as_0130_qed_0038.dat
NNPDF23_lo_as_0130_qed/NNPDF23_lo_as_0130_qed_0039.dat
NNPDF23_lo_as_0130_qed/NNPDF23_lo_as_0130_qed_0040.dat
NNPDF23_lo_as_0130_qed/NNPDF23_lo_as_0130_qed_0041.dat
NNPDF23_lo_as_0130_qed/NNPDF23_lo_as_0130_qed_0042.dat
NNPDF23_lo_as_0130_qed/NNPDF23_lo_as_0130_qed_0043.dat
NNPDF23_lo_as_0130_qed/NNPDF23_lo_as_0130_qed_0044.dat
NNPDF23_lo_as_0130_qed/NNPDF23_lo_as_0130_qed_0045.dat
NNPDF23_lo_as_0130_qed/NNPDF23_lo_as_0130_qed_0046.dat
NNPDF23_lo_as_0130_qed/NNPDF23_lo_as_0130_qed_0047.dat
NNPDF23_lo_as_0130_qed/NNPDF23_lo_as_0130_qed_0048.dat
NNPDF23_lo_as_0130_qed/NNPDF23_lo_as_0130_qed_0049.dat
NNPDF23_lo_as_0130_qed/NNPDF23_lo_as_0130_qed_0050.dat
NNPDF23_lo_as_0130_qed/NNPDF23_lo_as_0130_qed_0051.dat
NNPDF23_lo_as_0130_qed/NNPDF23_lo_as_0130_qed_0052.dat
NNPDF23_lo_as_0130_qed/NNPDF23_lo_as_0130_qed_0053.dat
NNPDF23_lo_as_0130_qed/NNPDF23_lo_as_0130_qed_0054.dat
NNPDF23_lo_as_0130_qed/NNPDF23_lo_as_0130_qed_0055.dat
NNPDF23_lo_as_0130_qed/NNPDF23_lo_as_0130_qed_0056.dat
NNPDF23_lo_as_0130_qed/NNPDF23_lo_as_0130_qed_0057.dat
NNPDF23_lo_as_0130_qed/NNPDF23_lo_as_0130_qed_0058.dat
NNPDF23_lo_as_0130_qed/NNPDF23_lo_as_0130_qed_0059.dat
NNPDF23_lo_as_0130_qed/NNPDF23_lo_as_0130_qed_0060.dat
NNPDF23_lo_as_0130_qed/NNPDF23_lo_as_0130_qed_0061.dat
NNPDF23_lo_as_0130_qed/NNPDF23_lo_as_0130_qed_0062.dat
NNPDF23_lo_as_0130_qed/NNPDF23_lo_as_0130_qed_0063.dat
NNPDF23_lo_as_0130_qed/NNPDF23_lo_as_0130_qed_0064.dat
NNPDF23_lo_as_0130_qed/NNPDF23_lo_as_0130_qed_0065.dat
NNPDF23_lo_as_0130_qed/NNPDF23_lo_as_0130_qed_0066.dat
NNPDF23_lo_as_0130_qed/NNPDF23_lo_as_0130_qed_0067.dat
NNPDF23_lo_as_0130_qed/NNPDF23_lo_as_0130_qed_0068.dat
NNPDF23_lo_as_0130_qed/NNPDF23_lo_as_0130_qed_0069.dat
NNPDF23_lo_as_0130_qed/NNPDF23_lo_as_0130_qed_0070.dat
NNPDF23_lo_as_0130_qed/NNPDF23_lo_as_0130_qed_0071.dat
NNPDF23_lo_as_0130_qed/NNPDF23_lo_as_0130_qed_0072.dat
NNPDF23_lo_as_0130_qed/NNPDF23_lo_as_0130_qed_0073.dat
NNPDF23_lo_as_0130_qed/NNPDF23_lo_as_0130_qed_0074.dat
NNPDF23_lo_as_0130_qed/NNPDF23_lo_as_0130_qed_0075.dat
NNPDF23_lo_as_0130_qed/NNPDF23_lo_as_0130_qed_0076.dat
NNPDF23_lo_as_0130_qed/NNPDF23_lo_as_0130_qed_0077.dat
NNPDF23_lo_as_0130_qed/NNPDF23_lo_as_0130_qed_0078.dat
NNPDF23_lo_as_0130_qed/NNPDF23_lo_as_0130_qed_0079.dat
NNPDF23_lo_as_0130_qed/NNPDF23_lo_as_0130_qed_0080.dat
NNPDF23_lo_as_0130_qed/NNPDF23_lo_as_0130_qed_0081.dat
NNPDF23_lo_as_0130_qed/NNPDF23_lo_as_0130_qed_0082.dat
NNPDF23_lo_as_0130_qed/NNPDF23_lo_as_0130_qed_0083.dat
NNPDF23_lo_as_0130_qed/NNPDF23_lo_as_0130_qed_0084.dat
NNPDF23_lo_as_0130_qed/NNPDF23_lo_as_0130_qed_0085.dat
NNPDF23_lo_as_0130_qed/NNPDF23_lo_as_0130_qed_0086.dat
NNPDF23_lo_as_0130_qed/NNPDF23_lo_as_0130_qed_0087.dat
NNPDF23_lo_as_0130_qed/NNPDF23_lo_as_0130_qed_0088.dat
NNPDF23_lo_as_0130_qed/NNPDF23_lo_as_0130_qed_0089.dat
NNPDF23_lo_as_0130_qed/NNPDF23_lo_as_0130_qed_0090.dat
NNPDF23_lo_as_0130_qed/NNPDF23_lo_as_0130_qed_0091.dat
NNPDF23_lo_as_0130_qed/NNPDF23_lo_as_0130_qed_0092.dat
NNPDF23_lo_as_0130_qed/NNPDF23_lo_as_0130_qed_0093.dat
NNPDF23_lo_as_0130_qed/NNPDF23_lo_as_0130_qed_0094.dat
NNPDF23_lo_as_0130_qed/NNPDF23_lo_as_0130_qed_0095.dat
NNPDF23_lo_as_0130_qed/NNPDF23_lo_as_0130_qed_0096.dat
NNPDF23_lo_as_0130_qed/NNPDF23_lo_as_0130_qed_0097.dat
NNPDF23_lo_as_0130_qed/NNPDF23_lo_as_0130_qed_0098.dat
NNPDF23_lo_as_0130_qed/NNPDF23_lo_as_0130_qed_0099.dat
NNPDF23_lo_as_0130_qed/NNPDF23_lo_as_0130_qed_0100.dat
NNPDF23_lo_as_0130_qed/NNPDF23_lo_as_0130_qed.info
 Finished LHAPDF6 installation
