This file contains any messages produced by compilers while
running configure, to aid debugging if configure makes a mistake.

It was created by LHAPDF configure 6.3.0, which was
generated by GNU Autoconf 2.69.  Invocation command line was

  $ ./configure --prefix=/home/choij/workspace/ParticlePhysics/HepTools/LHAPDF-6.3.0/../LHAPDF/local

## --------- ##
## Platform. ##
## --------- ##

hostname = choij-laboratory
uname -m = x86_64
uname -r = 5.8.16-200.fc32.x86_64
uname -s = Linux
uname -v = #1 SMP Mon Oct 19 14:17:16 UTC 2020

/usr/bin/uname -p = x86_64
/bin/uname -X     = unknown

/bin/arch              = x86_64
/usr/bin/arch -k       = unknown
/usr/convex/getsysinfo = unknown
/usr/bin/hostinfo      = unknown
/bin/machine           = unknown
/usr/bin/oslevel       = unknown
/bin/universe          = unknown

PATH: /cvmfs/cms.cern.ch/common
PATH: /usr/local/bin
PATH: /usr/local/sbin
PATH: /usr/bin
PATH: /usr/sbin
PATH: /home/choij/bin
PATH: /var/lib/snapd/snap/bin


## ----------- ##
## Core tests. ##
## ----------- ##

configure:2423: checking for a BSD-compatible install
configure:2491: result: /usr/bin/install -c
configure:2502: checking whether build environment is sane
configure:2557: result: yes
configure:2706: checking for a thread-safe mkdir -p
configure:2745: result: /usr/bin/mkdir -p
configure:2752: checking for gawk
configure:2768: found /usr/bin/gawk
configure:2779: result: gawk
configure:2790: checking whether make sets $(MAKE)
configure:2812: result: yes
configure:2841: checking whether make supports nested variables
configure:2858: result: yes
configure:2995: checking whether make supports nested variables
configure:3012: result: yes
configure:3086: checking for sw_vers
configure:3116: result: no
configure:3192: checking for style of include used by make
configure:3220: result: GNU
configure:3246: checking whether to compile using MPI
configure:3253: result: no
configure:3420: checking for g++
configure:3436: found /usr/bin/g++
configure:3447: result: g++
configure:3474: checking for C++ compiler version
configure:3483: g++ --version >&5
g++ (GCC) 10.2.1 20201125 (Red Hat 10.2.1-9)
Copyright (C) 2020 Free Software Foundation, Inc.
This is free software; see the source for copying conditions.  There is NO
warranty; not even for MERCHANTABILITY or FITNESS FOR A PARTICULAR PURPOSE.

configure:3494: $? = 0
configure:3483: g++ -v >&5
Using built-in specs.
COLLECT_GCC=g++
COLLECT_LTO_WRAPPER=/usr/libexec/gcc/x86_64-redhat-linux/10/lto-wrapper
OFFLOAD_TARGET_NAMES=nvptx-none
OFFLOAD_TARGET_DEFAULT=1
Target: x86_64-redhat-linux
Configured with: ../configure --enable-bootstrap --enable-languages=c,c++,fortran,objc,obj-c++,ada,go,d,lto --prefix=/usr --mandir=/usr/share/man --infodir=/usr/share/info --with-bugurl=http://bugzilla.redhat.com/bugzilla --enable-shared --enable-threads=posix --enable-checking=release --enable-multilib --with-system-zlib --enable-__cxa_atexit --disable-libunwind-exceptions --enable-gnu-unique-object --enable-linker-build-id --with-gcc-major-version-only --with-linker-hash-style=gnu --enable-plugin --enable-initfini-array --with-isl --enable-offload-targets=nvptx-none --without-cuda-driver --enable-gnu-indirect-function --enable-cet --with-tune=generic --with-arch_32=i686 --build=x86_64-redhat-linux
Thread model: posix
Supported LTO compression algorithms: zlib zstd
gcc version 10.2.1 20201125 (Red Hat 10.2.1-9) (GCC) 
... rest of stderr output deleted ...
configure:3494: $? = 0
configure:3483: g++ -V >&5
g++: error: unrecognized command-line option '-V'
g++: fatal error: no input files
compilation terminated.
configure:3494: $? = 1
configure:3483: g++ -qversion >&5
g++: error: unrecognized command-line option '-qversion'; did you mean '--version'?
g++: fatal error: no input files
compilation terminated.
configure:3494: $? = 1
configure:3514: checking whether the C++ compiler works
configure:3536: g++ -O3   conftest.cpp  >&5
configure:3540: $? = 0
configure:3588: result: yes
configure:3591: checking for C++ compiler default output file name
configure:3593: result: a.out
configure:3599: checking for suffix of executables
configure:3606: g++ -o conftest -O3   conftest.cpp  >&5
configure:3610: $? = 0
configure:3632: result: 
configure:3654: checking whether we are cross compiling
configure:3662: g++ -o conftest -O3   conftest.cpp  >&5
configure:3666: $? = 0
configure:3673: ./conftest
configure:3677: $? = 0
configure:3665: result: no
configure:3670: checking for suffix of object files
configure:3692: g++ -c -O3  conftest.cpp >&5
configure:3696: $? = 0
configure:3717: result: o
configure:3721: checking whether we are using the GNU C++ compiler
configure:3740: g++ -c -O3  conftest.cpp >&5
configure:3740: $? = 0
configure:3749: result: yes
configure:3758: checking whether g++ accepts -g
configure:3778: g++ -c -g  conftest.cpp >&5
configure:3778: $? = 0
configure:3819: result: yes
configure:3844: checking dependency style of g++
configure:3955: result: gcc3
configure:4116: checking whether g++ supports C++11 features by default
configure:4410: g++ -c -O3  conftest.cpp >&5
configure:4410: $? = 0
configure:4417: result: yes
configure:4825: checking for gcc
configure:4841: found /usr/bin/gcc
configure:4852: result: gcc
configure:5081: checking for C compiler version
configure:5090: gcc --version >&5
gcc (GCC) 10.2.1 20201125 (Red Hat 10.2.1-9)
Copyright (C) 2020 Free Software Foundation, Inc.
This is free software; see the source for copying conditions.  There is NO
warranty; not even for MERCHANTABILITY or FITNESS FOR A PARTICULAR PURPOSE.

configure:5101: $? = 0
configure:5090: gcc -v >&5
Using built-in specs.
COLLECT_GCC=gcc
COLLECT_LTO_WRAPPER=/usr/libexec/gcc/x86_64-redhat-linux/10/lto-wrapper
OFFLOAD_TARGET_NAMES=nvptx-none
OFFLOAD_TARGET_DEFAULT=1
Target: x86_64-redhat-linux
Configured with: ../configure --enable-bootstrap --enable-languages=c,c++,fortran,objc,obj-c++,ada,go,d,lto --prefix=/usr --mandir=/usr/share/man --infodir=/usr/share/info --with-bugurl=http://bugzilla.redhat.com/bugzilla --enable-shared --enable-threads=posix --enable-checking=release --enable-multilib --with-system-zlib --enable-__cxa_atexit --disable-libunwind-exceptions --enable-gnu-unique-object --enable-linker-build-id --with-gcc-major-version-only --with-linker-hash-style=gnu --enable-plugin --enable-initfini-array --with-isl --enable-offload-targets=nvptx-none --without-cuda-driver --enable-gnu-indirect-function --enable-cet --with-tune=generic --with-arch_32=i686 --build=x86_64-redhat-linux
Thread model: posix
Supported LTO compression algorithms: zlib zstd
gcc version 10.2.1 20201125 (Red Hat 10.2.1-9) (GCC) 
... rest of stderr output deleted ...
configure:5101: $? = 0
configure:5090: gcc -V >&5
gcc: error: unrecognized command-line option '-V'
gcc: fatal error: no input files
compilation terminated.
configure:5101: $? = 1
configure:5090: gcc -qversion >&5
gcc: error: unrecognized command-line option '-qversion'; did you mean '--version'?
gcc: fatal error: no input files
compilation terminated.
configure:5101: $? = 1
configure:5105: checking whether we are using the GNU C compiler
configure:5124: gcc -c   conftest.c >&5
configure:5124: $? = 0
configure:5133: result: yes
configure:5142: checking whether gcc accepts -g
configure:5162: gcc -c -g  conftest.c >&5
configure:5162: $? = 0
configure:5203: result: yes
configure:5220: checking for gcc option to accept ISO C89
configure:5283: gcc  -c -g -O2  conftest.c >&5
configure:5283: $? = 0
configure:5296: result: none needed
configure:5321: checking whether gcc understands -c and -o together
configure:5343: gcc -c conftest.c -o conftest2.o
configure:5346: $? = 0
configure:5343: gcc -c conftest.c -o conftest2.o
configure:5346: $? = 0
configure:5358: result: yes
configure:5377: checking dependency style of gcc
configure:5488: result: gcc3
configure:5504: checking whether ln -s works
configure:5508: result: yes
configure:5544: checking build system type
configure:5558: result: x86_64-pc-linux-gnu
configure:5578: checking host system type
configure:5591: result: x86_64-pc-linux-gnu
configure:5632: checking how to print strings
configure:5659: result: printf
configure:5680: checking for a sed that does not truncate output
configure:5744: result: /usr/bin/sed
configure:5762: checking for grep that handles long lines and -e
configure:5820: result: /usr/bin/grep
configure:5825: checking for egrep
configure:5887: result: /usr/bin/grep -E
configure:5892: checking for fgrep
configure:5954: result: /usr/bin/grep -F
configure:5989: checking for ld used by gcc
configure:6056: result: /usr/bin/ld
configure:6063: checking if the linker (/usr/bin/ld) is GNU ld
configure:6078: result: yes
configure:6090: checking for BSD- or MS-compatible name lister (nm)
configure:6144: result: /usr/bin/nm -B
configure:6274: checking the name lister (/usr/bin/nm -B) interface
configure:6281: g++ -c -O3  conftest.cpp >&5
configure:6284: /usr/bin/nm -B "conftest.o"
configure:6287: output
0000000000000000 B some_variable
configure:6288: result: BSD nm
configure:6292: checking the maximum length of command line arguments
configure:6423: result: 1572864
configure:6471: checking how to convert x86_64-pc-linux-gnu file names to x86_64-pc-linux-gnu format
configure:6511: result: func_convert_file_noop
configure:6518: checking how to convert x86_64-pc-linux-gnu file names to toolchain format
configure:6538: result: func_convert_file_noop
configure:6545: checking for /usr/bin/ld option to reload object files
configure:6552: result: -r
configure:6626: checking for objdump
configure:6642: found /usr/bin/objdump
configure:6653: result: objdump
configure:6685: checking how to recognize dependent libraries
configure:6885: result: pass_all
configure:6970: checking for dlltool
configure:7000: result: no
configure:7030: checking how to associate runtime and link libraries
configure:7057: result: printf %s\n
configure:7117: checking for ar
configure:7133: found /usr/bin/ar
configure:7144: result: ar
configure:7181: checking for archiver @FILE support
configure:7198: g++ -c -O3  conftest.cpp >&5
configure:7198: $? = 0
configure:7201: ar cru libconftest.a @conftest.lst >&5
configure:7204: $? = 0
configure:7209: ar cru libconftest.a @conftest.lst >&5
ar: conftest.o: No such file or directory
configure:7212: $? = 1
configure:7211: result: @
configure:7269: checking for strip
configure:7285: found /usr/bin/strip
configure:7296: result: strip
configure:7368: checking for ranlib
configure:7384: found /usr/bin/ranlib
configure:7395: result: ranlib
configure:7497: checking command to parse /usr/bin/nm -B output from gcc object
configure:7650: g++ -c -O3  conftest.cpp >&5
configure:7653: $? = 0
configure:7657: /usr/bin/nm -B conftest.o \| sed -n -e 's/^.*[ ]\([ABCDGIRSTW][ABCDGIRSTW]*\)[ ][ ]*\([_A-Za-z][_A-Za-z0-9]*\)$/\1 \2 \2/p' | sed '/ __gnu_lto/d' \> conftest.nm
configure:7660: $? = 0
configure:7726: g++ -o conftest -O3   conftest.cpp conftstm.o >&5
configure:7729: $? = 0
configure:7767: result: ok
configure:7814: checking for sysroot
configure:7844: result: no
configure:7851: checking for a working dd
configure:7889: result: /usr/bin/dd
configure:7893: checking how to truncate binary pipes
configure:7908: result: /usr/bin/dd bs=4096 count=1
configure:8045: g++ -c -O3  conftest.cpp >&5
configure:8048: $? = 0
configure:8238: checking for mt
configure:8268: result: no
configure:8288: checking if : is a manifest tool
configure:8294: : '-?'
configure:8302: result: no
configure:8979: checking how to run the C preprocessor
configure:9010: gcc -E  conftest.c
configure:9010: $? = 0
configure:9024: gcc -E  conftest.c
conftest.c:14:10: fatal error: ac_nonexistent.h: No such file or directory
   14 | #include <ac_nonexistent.h>
      |          ^~~~~~~~~~~~~~~~~~
compilation terminated.
configure:9024: $? = 1
configure: failed program was:
| /* confdefs.h */
| #define PACKAGE_NAME "LHAPDF"
| #define PACKAGE_TARNAME "LHAPDF"
| #define PACKAGE_VERSION "6.3.0"
| #define PACKAGE_STRING "LHAPDF 6.3.0"
| #define PACKAGE_BUGREPORT "lhapdf-support@cern.ch"
| #define PACKAGE_URL ""
| #define PACKAGE "LHAPDF"
| #define VERSION "6.3.0"
| #define LHAPDF_VERSION "6.3.0"
| #define LHAPDF_VERSION_CODE 60300
| #define HAVE_CXX11 1
| /* end confdefs.h.  */
| #include <ac_nonexistent.h>
configure:9049: result: gcc -E
configure:9069: gcc -E  conftest.c
configure:9069: $? = 0
configure:9083: gcc -E  conftest.c
conftest.c:14:10: fatal error: ac_nonexistent.h: No such file or directory
   14 | #include <ac_nonexistent.h>
      |          ^~~~~~~~~~~~~~~~~~
compilation terminated.
configure:9083: $? = 1
configure: failed program was:
| /* confdefs.h */
| #define PACKAGE_NAME "LHAPDF"
| #define PACKAGE_TARNAME "LHAPDF"
| #define PACKAGE_VERSION "6.3.0"
| #define PACKAGE_STRING "LHAPDF 6.3.0"
| #define PACKAGE_BUGREPORT "lhapdf-support@cern.ch"
| #define PACKAGE_URL ""
| #define PACKAGE "LHAPDF"
| #define VERSION "6.3.0"
| #define LHAPDF_VERSION "6.3.0"
| #define LHAPDF_VERSION_CODE 60300
| #define HAVE_CXX11 1
| /* end confdefs.h.  */
| #include <ac_nonexistent.h>
configure:9112: checking for ANSI C header files
configure:9132: gcc -c -g -O2  conftest.c >&5
configure:9132: $? = 0
configure:9205: gcc -o conftest -g -O2   conftest.c  >&5
configure:9205: $? = 0
configure:9205: ./conftest
configure:9205: $? = 0
configure:9216: result: yes
configure:9229: checking for sys/types.h
configure:9229: gcc -c -g -O2  conftest.c >&5
configure:9229: $? = 0
configure:9229: result: yes
configure:9229: checking for sys/stat.h
configure:9229: gcc -c -g -O2  conftest.c >&5
configure:9229: $? = 0
configure:9229: result: yes
configure:9229: checking for stdlib.h
configure:9229: gcc -c -g -O2  conftest.c >&5
configure:9229: $? = 0
configure:9229: result: yes
configure:9229: checking for string.h
configure:9229: gcc -c -g -O2  conftest.c >&5
configure:9229: $? = 0
configure:9229: result: yes
configure:9229: checking for memory.h
configure:9229: gcc -c -g -O2  conftest.c >&5
configure:9229: $? = 0
configure:9229: result: yes
configure:9229: checking for strings.h
configure:9229: gcc -c -g -O2  conftest.c >&5
configure:9229: $? = 0
configure:9229: result: yes
configure:9229: checking for inttypes.h
configure:9229: gcc -c -g -O2  conftest.c >&5
configure:9229: $? = 0
configure:9229: result: yes
configure:9229: checking for stdint.h
configure:9229: gcc -c -g -O2  conftest.c >&5
configure:9229: $? = 0
configure:9229: result: yes
configure:9229: checking for unistd.h
configure:9229: gcc -c -g -O2  conftest.c >&5
configure:9229: $? = 0
configure:9229: result: yes
configure:9243: checking for dlfcn.h
configure:9243: gcc -c -g -O2  conftest.c >&5
configure:9243: $? = 0
configure:9243: result: yes
configure:9509: checking for objdir
configure:9524: result: .libs
configure:9788: checking if gcc supports -fno-rtti -fno-exceptions
configure:9806: gcc -c -g -O2  -fno-rtti -fno-exceptions conftest.c >&5
cc1: warning: command-line option '-fno-rtti' is valid for C++/D/ObjC++ but not for C
configure:9810: $? = 0
configure:9823: result: no
configure:10181: checking for gcc option to produce PIC
configure:10188: result: -fPIC -DPIC
configure:10196: checking if gcc PIC flag -fPIC -DPIC works
configure:10214: gcc -c -g -O2  -fPIC -DPIC -DPIC conftest.c >&5
configure:10218: $? = 0
configure:10231: result: yes
configure:10260: checking if gcc static flag -static works
configure:10288: result: no
configure:10303: checking if gcc supports -c -o file.o
configure:10324: gcc -c -g -O2  -o out/conftest2.o conftest.c >&5
configure:10328: $? = 0
configure:10350: result: yes
configure:10358: checking if gcc supports -c -o file.o
configure:10405: result: yes
configure:10438: checking whether the gcc linker (/usr/bin/ld -m elf_x86_64) supports shared libraries
configure:11701: result: yes
configure:11738: checking whether -lc should be explicitly linked in
configure:11746: gcc -c -g -O2  conftest.c >&5
configure:11749: $? = 0
configure:11764: gcc -shared  -fPIC -DPIC conftest.o  -v -Wl,-soname -Wl,conftest -o conftest 2\>\&1 \| /usr/bin/grep  -lc  \>/dev/null 2\>\&1
configure:11767: $? = 0
configure:11781: result: no
configure:11941: checking dynamic linker characteristics
configure:12522: gcc -o conftest -g -O2   -Wl,-rpath -Wl,/foo conftest.c  >&5
configure:12522: $? = 0
configure:12771: result: GNU/Linux ld.so
configure:12893: checking how to hardcode library paths into programs
configure:12918: result: immediate
configure:13466: checking whether stripping libraries is possible
configure:13471: result: yes
configure:13506: checking if libtool supports shared libraries
configure:13508: result: yes
configure:13511: checking whether to build shared libraries
configure:13536: result: yes
configure:13539: checking whether to build static libraries
configure:13543: result: yes
configure:10342: checking how to run the C++ preprocessor
configure:10369: g++ -E  conftest.cpp
configure:10369: $? = 0
configure:10383: g++ -E  conftest.cpp
conftest.cpp:26:10: fatal error: ac_nonexistent.h: No such file or directory
   26 | #include <ac_nonexistent.h>
      |          ^~~~~~~~~~~~~~~~~~
compilation terminated.
configure:10383: $? = 1
configure: failed program was:
| /* confdefs.h */
| #define PACKAGE_NAME "LHAPDF"
| #define PACKAGE_TARNAME "LHAPDF"
| #define PACKAGE_VERSION "6.3.0"
| #define PACKAGE_STRING "LHAPDF 6.3.0"
| #define PACKAGE_BUGREPORT "lhapdf-support@cern.ch"
| #define PACKAGE_URL ""
| #define PACKAGE "LHAPDF"
| #define VERSION "6.3.0"
| #define LHAPDF_VERSION "6.3.0"
| #define LHAPDF_VERSION_CODE 60300
| #define HAVE_CXX11 1
| #define STDC_HEADERS 1
| #define HAVE_SYS_TYPES_H 1
| #define HAVE_SYS_STAT_H 1
| #define HAVE_STDLIB_H 1
| #define HAVE_STRING_H 1
| #define HAVE_MEMORY_H 1
| #define HAVE_STRINGS_H 1
| #define HAVE_INTTYPES_H 1
| #define HAVE_STDINT_H 1
| #define HAVE_UNISTD_H 1
| #define HAVE_DLFCN_H 1
| #define LT_OBJDIR ".libs/"
| /* end confdefs.h.  */
| #include <ac_nonexistent.h>
configure:10408: result: g++ -E
configure:10428: g++ -E  conftest.cpp
configure:10428: $? = 0
configure:10442: g++ -E  conftest.cpp
conftest.cpp:26:10: fatal error: ac_nonexistent.h: No such file or directory
   26 | #include <ac_nonexistent.h>
      |          ^~~~~~~~~~~~~~~~~~
compilation terminated.
configure:10442: $? = 1
configure: failed program was:
| /* confdefs.h */
| #define PACKAGE_NAME "LHAPDF"
| #define PACKAGE_TARNAME "LHAPDF"
| #define PACKAGE_VERSION "6.3.0"
| #define PACKAGE_STRING "LHAPDF 6.3.0"
| #define PACKAGE_BUGREPORT "lhapdf-support@cern.ch"
| #define PACKAGE_URL ""
| #define PACKAGE "LHAPDF"
| #define VERSION "6.3.0"
| #define LHAPDF_VERSION "6.3.0"
| #define LHAPDF_VERSION_CODE 60300
| #define HAVE_CXX11 1
| #define STDC_HEADERS 1
| #define HAVE_SYS_TYPES_H 1
| #define HAVE_SYS_STAT_H 1
| #define HAVE_STDLIB_H 1
| #define HAVE_STRING_H 1
| #define HAVE_MEMORY_H 1
| #define HAVE_STRINGS_H 1
| #define HAVE_INTTYPES_H 1
| #define HAVE_STDINT_H 1
| #define HAVE_UNISTD_H 1
| #define HAVE_DLFCN_H 1
| #define LT_OBJDIR ".libs/"
| /* end confdefs.h.  */
| #include <ac_nonexistent.h>
configure:10604: checking for ld used by g++
configure:10671: result: /usr/bin/ld -m elf_x86_64
configure:10678: checking if the linker (/usr/bin/ld -m elf_x86_64) is GNU ld
configure:10693: result: yes
configure:10748: checking whether the g++ linker (/usr/bin/ld -m elf_x86_64) supports shared libraries
configure:11821: result: yes
configure:11857: g++ -c -O3  conftest.cpp >&5
configure:11860: $? = 0
configure:12341: checking for g++ option to produce PIC
configure:12348: result: -fPIC -DPIC
configure:12356: checking if g++ PIC flag -fPIC -DPIC works
configure:12374: g++ -c -O3  -fPIC -DPIC -DPIC conftest.cpp >&5
configure:12378: $? = 0
configure:12391: result: yes
configure:12414: checking if g++ static flag -static works
configure:12442: result: no
configure:12454: checking if g++ supports -c -o file.o
configure:12475: g++ -c -O3  -o out/conftest2.o conftest.cpp >&5
configure:12479: $? = 0
configure:12501: result: yes
configure:12506: checking if g++ supports -c -o file.o
configure:12553: result: yes
configure:12583: checking whether the g++ linker (/usr/bin/ld -m elf_x86_64) supports shared libraries
configure:12626: result: yes
configure:12767: checking dynamic linker characteristics
configure:13524: result: GNU/Linux ld.so
configure:13589: checking how to hardcode library paths into programs
configure:13614: result: immediate
configure:12524: Building LHAGLUE Fortran wrappers
configure:12527: Building LHAGLUE C++ wrappers
configure:12570: checking for pdflatex
configure:12603: result: no
configure:12621: checking for doxygen
configure:12639: found /usr/bin/doxygen
configure:12651: result: /usr/bin/doxygen
configure:12680: checking for python
configure:12698: found /usr/bin/python
configure:12710: result: /usr/bin/python
configure:12787: checking for python version
configure:12794: result: 2.7
configure:12806: checking for python platform
configure:12813: result: linux2
configure:12839: checking for python script directory
configure:12874: result: ${prefix}/lib/python2.7/site-packages
configure:12883: checking for python extension module directory
configure:12918: result: ${exec_prefix}/lib64/python2.7/site-packages
configure:12934: checking for Cython >= 0.19
Traceback (most recent call last):
  File "<string>", line 1, in <module>
ImportError: No module named Cython.Compiler.Version
configure:12968: result: no
configure:13012: checking if the g++ compiler accepts the -pedantic flag
configure:13028: result: yes
configure:13051: checking if the g++ compiler accepts the -Wall flag
configure:13067: result: yes
configure:13090: checking if the g++ compiler accepts the -Wno-long-long flag
configure:13106: result: yes
configure:13129: checking if the g++ compiler accepts the -Qunused-arguments flag
configure:13145: result: no
configure:13302: checking that generated files are newer than configure
configure:13308: result: done
configure:13367: creating ./config.status

## ---------------------- ##
## Running config.status. ##
## ---------------------- ##

This file was extended by LHAPDF config.status 6.3.0, which was
generated by GNU Autoconf 2.69.  Invocation command line was

  CONFIG_FILES    = 
  CONFIG_HEADERS  = 
  CONFIG_LINKS    = 
  CONFIG_COMMANDS = 
  $ ./config.status 

on choij-laboratory

config.status:1199: creating Makefile
config.status:1199: creating src/Makefile
config.status:1199: creating src/yamlcpp/Makefile
config.status:1199: creating include/Makefile
config.status:1199: creating include/LHAPDF/Makefile
config.status:1199: creating bin/Makefile
config.status:1199: creating bin/lhapdf-config
config.status:1199: creating examples/Makefile
config.status:1199: creating tests/Makefile
config.status:1199: creating doc/Makefile
config.status:1199: creating doc/Doxyfile
config.status:1199: creating lhapdf.pc
config.status:1199: creating wrappers/Makefile
config.status:1199: creating wrappers/python/Makefile
config.status:1199: creating wrappers/python/setup.py
config.status:1199: creating config/config.h
config.status:1199: creating include/LHAPDF/Version.h
config.status:1380: include/LHAPDF/Version.h is unchanged
config.status:1428: executing depfiles commands
config.status:1428: executing libtool commands

## ---------------- ##
## Cache variables. ##
## ---------------- ##

ac_cv_build=x86_64-pc-linux-gnu
ac_cv_c_compiler_gnu=yes
ac_cv_cxx_compiler_gnu=yes
ac_cv_env_CCC_set=
ac_cv_env_CCC_value=
ac_cv_env_CC_set=
ac_cv_env_CC_value=
ac_cv_env_CFLAGS_set=
ac_cv_env_CFLAGS_value=
ac_cv_env_CPPFLAGS_set=
ac_cv_env_CPPFLAGS_value=
ac_cv_env_CPP_set=
ac_cv_env_CPP_value=
ac_cv_env_CXXCPP_set=
ac_cv_env_CXXCPP_value=
ac_cv_env_CXXFLAGS_set=
ac_cv_env_CXXFLAGS_value=
ac_cv_env_CXX_set=
ac_cv_env_CXX_value=
ac_cv_env_LDFLAGS_set=
ac_cv_env_LDFLAGS_value=
ac_cv_env_LIBS_set=
ac_cv_env_LIBS_value=
ac_cv_env_LT_SYS_LIBRARY_PATH_set=
ac_cv_env_LT_SYS_LIBRARY_PATH_value=
ac_cv_env_MPICXX_set=
ac_cv_env_MPICXX_value=
ac_cv_env_PYTHON_set=
ac_cv_env_PYTHON_value=
ac_cv_env_build_alias_set=
ac_cv_env_build_alias_value=
ac_cv_env_host_alias_set=
ac_cv_env_host_alias_value=
ac_cv_env_target_alias_set=
ac_cv_env_target_alias_value=
ac_cv_header_dlfcn_h=yes
ac_cv_header_inttypes_h=yes
ac_cv_header_memory_h=yes
ac_cv_header_stdc=yes
ac_cv_header_stdint_h=yes
ac_cv_header_stdlib_h=yes
ac_cv_header_string_h=yes
ac_cv_header_strings_h=yes
ac_cv_header_sys_stat_h=yes
ac_cv_header_sys_types_h=yes
ac_cv_header_unistd_h=yes
ac_cv_host=x86_64-pc-linux-gnu
ac_cv_objext=o
ac_cv_path_DOXYGEN=/usr/bin/doxygen
ac_cv_path_EGREP='/usr/bin/grep -E'
ac_cv_path_FGREP='/usr/bin/grep -F'
ac_cv_path_GREP=/usr/bin/grep
ac_cv_path_PYTHON=/usr/bin/python
ac_cv_path_SED=/usr/bin/sed
ac_cv_path_install='/usr/bin/install -c'
ac_cv_path_lt_DD=/usr/bin/dd
ac_cv_path_mkdir=/usr/bin/mkdir
ac_cv_prog_AWK=gawk
ac_cv_prog_CPP='gcc -E'
ac_cv_prog_CXXCPP='g++ -E'
ac_cv_prog_ac_ct_AR=ar
ac_cv_prog_ac_ct_CC=gcc
ac_cv_prog_ac_ct_CXX=g++
ac_cv_prog_ac_ct_OBJDUMP=objdump
ac_cv_prog_ac_ct_RANLIB=ranlib
ac_cv_prog_ac_ct_STRIP=strip
ac_cv_prog_cc_c89=
ac_cv_prog_cc_g=yes
ac_cv_prog_cxx_g=yes
ac_cv_prog_make_make_set=yes
am_cv_CC_dependencies_compiler_type=gcc3
am_cv_CXX_dependencies_compiler_type=gcc3
am_cv_make_support_nested_variables=yes
am_cv_prog_cc_c_o=yes
am_cv_python_platform=linux2
am_cv_python_pyexecdir='${exec_prefix}/lib64/python2.7/site-packages'
am_cv_python_pythondir='${prefix}/lib/python2.7/site-packages'
am_cv_python_version=2.7
ax_cv_cxx_compile_cxx11=yes
lt_cv_ar_at_file=@
lt_cv_archive_cmds_need_lc=no
lt_cv_deplibs_check_method=pass_all
lt_cv_file_magic_cmd='$MAGIC_CMD'
lt_cv_file_magic_test_file=
lt_cv_ld_reload_flag=-r
lt_cv_nm_interface='BSD nm'
lt_cv_objdir=.libs
lt_cv_path_LD=/usr/bin/ld
lt_cv_path_LDCXX='/usr/bin/ld -m elf_x86_64'
lt_cv_path_NM='/usr/bin/nm -B'
lt_cv_path_mainfest_tool=no
lt_cv_prog_compiler_c_o=yes
lt_cv_prog_compiler_c_o_CXX=yes
lt_cv_prog_compiler_pic='-fPIC -DPIC'
lt_cv_prog_compiler_pic_CXX='-fPIC -DPIC'
lt_cv_prog_compiler_pic_works=yes
lt_cv_prog_compiler_pic_works_CXX=yes
lt_cv_prog_compiler_rtti_exceptions=no
lt_cv_prog_compiler_static_works=no
lt_cv_prog_compiler_static_works_CXX=no
lt_cv_prog_gnu_ld=yes
lt_cv_prog_gnu_ldcxx=yes
lt_cv_sharedlib_from_linklib_cmd='printf %s\n'
lt_cv_shlibpath_overrides_runpath=no
lt_cv_sys_global_symbol_pipe='sed -n -e '\''s/^.*[	 ]\([ABCDGIRSTW][ABCDGIRSTW]*\)[	 ][	 ]*\([_A-Za-z][_A-Za-z0-9]*\)$/\1 \2 \2/p'\'' | sed '\''/ __gnu_lto/d'\'''
lt_cv_sys_global_symbol_to_c_name_address='sed -n -e '\''s/^: \(.*\) .*$/  {"\1", (void *) 0},/p'\'' -e '\''s/^[ABCDGIRSTW][ABCDGIRSTW]* .* \(.*\)$/  {"\1", (void *) \&\1},/p'\'''
lt_cv_sys_global_symbol_to_c_name_address_lib_prefix='sed -n -e '\''s/^: \(.*\) .*$/  {"\1", (void *) 0},/p'\'' -e '\''s/^[ABCDGIRSTW][ABCDGIRSTW]* .* \(lib.*\)$/  {"\1", (void *) \&\1},/p'\'' -e '\''s/^[ABCDGIRSTW][ABCDGIRSTW]* .* \(.*\)$/  {"lib\1", (void *) \&\1},/p'\'''
lt_cv_sys_global_symbol_to_cdecl='sed -n -e '\''s/^T .* \(.*\)$/extern int \1();/p'\'' -e '\''s/^[ABCDGIRSTW][ABCDGIRSTW]* .* \(.*\)$/extern char \1;/p'\'''
lt_cv_sys_global_symbol_to_import=
lt_cv_sys_max_cmd_len=1572864
lt_cv_to_host_file_cmd=func_convert_file_noop
lt_cv_to_tool_file_cmd=func_convert_file_noop
lt_cv_truncate_bin='/usr/bin/dd bs=4096 count=1'
py_cv_cython=no

## ----------------- ##
## Output variables. ##
## ----------------- ##

ACLOCAL='${SHELL} /home/choij/workspace/ParticlePhysics/HepTools/LHAPDF-6.3.0/config/missing aclocal-1.15'
AMDEPBACKSLASH='\'
AMDEP_FALSE='#'
AMDEP_TRUE=''
AMTAR='$${TAR-tar}'
AM_BACKSLASH='\'
AM_CPPFLAGS=''
AM_CXXFLAGS=' -pedantic  -Wall  -Wno-long-long '
AM_DEFAULT_V='$(AM_DEFAULT_VERBOSITY)'
AM_DEFAULT_VERBOSITY='0'
AM_LDFLAGS=''
AM_V='$(V)'
AR='ar'
AUTOCONF='${SHELL} /home/choij/workspace/ParticlePhysics/HepTools/LHAPDF-6.3.0/config/missing autoconf'
AUTOHEADER='${SHELL} /home/choij/workspace/ParticlePhysics/HepTools/LHAPDF-6.3.0/config/missing autoheader'
AUTOMAKE='${SHELL} /home/choij/workspace/ParticlePhysics/HepTools/LHAPDF-6.3.0/config/missing automake-1.15'
AWK='gawk'
CC='gcc'
CCDEPMODE='depmode=gcc3'
CFLAGS='-g -O2'
CPP='gcc -E'
CPPFLAGS=' -I/home/choij/workspace/ParticlePhysics/HepTools/LHAPDF-6.3.0/../LHAPDF/local/include'
CXX='g++'
CXXCPP='g++ -E'
CXXDEPMODE='depmode=gcc3'
CXXFLAGS='-O3'
CYGPATH_W='echo'
DEFS='-DHAVE_CONFIG_H'
DEPDIR='.deps'
DLLTOOL='false'
DOXYGEN='/usr/bin/doxygen'
DSYMUTIL=''
DUMPBIN=''
ECHO_C=''
ECHO_N='-n'
ECHO_T=''
EGREP='/usr/bin/grep -E'
ENABLE_LHAGLUE_CXX_FALSE='#'
ENABLE_LHAGLUE_CXX_TRUE=''
ENABLE_LHAGLUE_FALSE='#'
ENABLE_LHAGLUE_TRUE=''
EXEEXT=''
FGREP='/usr/bin/grep -F'
GREP='/usr/bin/grep'
HAVE_CXX11='1'
INSTALL_DATA='${INSTALL} -m 644'
INSTALL_PROGRAM='${INSTALL}'
INSTALL_SCRIPT='${INSTALL}'
INSTALL_STRIP_PROGRAM='$(install_sh) -c -s'
LD='/usr/bin/ld -m elf_x86_64'
LDFLAGS=' -L/home/choij/workspace/ParticlePhysics/HepTools/LHAPDF-6.3.0/../LHAPDF/local/lib'
LHAPDF_CXX='g++'
LHAPDF_CXXFLAGS='-O3'
LIBOBJS=''
LIBS=''
LIBTOOL='$(SHELL) $(top_builddir)/libtool'
LIPO=''
LN_S='ln -s'
LTLIBOBJS=''
LT_SYS_LIBRARY_PATH=''
MAKEINFO='${SHELL} /home/choij/workspace/ParticlePhysics/HepTools/LHAPDF-6.3.0/config/missing makeinfo'
MANIFEST_TOOL=':'
MKDIR_P='/usr/bin/mkdir -p'
MPICXX=''
NM='/usr/bin/nm -B'
NMEDIT=''
OBJDUMP='objdump'
OBJEXT='o'
OTOOL64=''
OTOOL=''
PACKAGE='LHAPDF'
PACKAGE_BUGREPORT='lhapdf-support@cern.ch'
PACKAGE_NAME='LHAPDF'
PACKAGE_STRING='LHAPDF 6.3.0'
PACKAGE_TARNAME='LHAPDF'
PACKAGE_URL=''
PACKAGE_VERSION='6.3.0'
PATH_SEPARATOR=':'
PDFLATEX=''
PYTHON='/usr/bin/python'
PYTHON_EXEC_PREFIX='${exec_prefix}'
PYTHON_PATH='/home/choij/workspace/ParticlePhysics/HepTools/LHAPDF-6.3.0/../LHAPDF/local/lib64/python2.7/site-packages'
PYTHON_PLATFORM='linux2'
PYTHON_PREFIX='${prefix}'
PYTHON_VERSION='2.7'
RANLIB='ranlib'
SED='/usr/bin/sed'
SET_MAKE=''
SHELL='/bin/sh'
STRIP='strip'
SWVERS=''
USING_MPI_FALSE=''
USING_MPI_TRUE='#'
VERSION='6.3.0'
WITH_CYTHON_FALSE=''
WITH_CYTHON_TRUE='#'
WITH_DOXYGEN_FALSE='#'
WITH_DOXYGEN_TRUE=''
WITH_OSX_FALSE=''
WITH_OSX_TRUE='#'
WITH_PDFLATEX_FALSE=''
WITH_PDFLATEX_TRUE='#'
WITH_PYTHON_FALSE='#'
WITH_PYTHON_TRUE=''
ac_ct_AR='ar'
ac_ct_CC='gcc'
ac_ct_CXX='g++'
ac_ct_DUMPBIN=''
am__EXEEXT_FALSE=''
am__EXEEXT_TRUE='#'
am__fastdepCC_FALSE='#'
am__fastdepCC_TRUE=''
am__fastdepCXX_FALSE='#'
am__fastdepCXX_TRUE=''
am__include='include'
am__isrc=''
am__leading_dot='.'
am__nodep='_no'
am__quote=''
am__tar='$${TAR-tar} chof - "$$tardir"'
am__untar='$${TAR-tar} xf -'
bindir='${exec_prefix}/bin'
build='x86_64-pc-linux-gnu'
build_alias=''
build_cpu='x86_64'
build_os='linux-gnu'
build_vendor='pc'
datadir='${datarootdir}'
datarootdir='${prefix}/share'
docdir='${datarootdir}/doc/${PACKAGE_TARNAME}'
dvidir='${docdir}'
exec_prefix='${prefix}'
host='x86_64-pc-linux-gnu'
host_alias=''
host_cpu='x86_64'
host_os='linux-gnu'
host_vendor='pc'
htmldir='${docdir}'
includedir='${prefix}/include'
infodir='${datarootdir}/info'
install_sh='${SHELL} /home/choij/workspace/ParticlePhysics/HepTools/LHAPDF-6.3.0/config/install-sh'
libdir='${exec_prefix}/lib'
libexecdir='${exec_prefix}/libexec'
localedir='${datarootdir}/locale'
localstatedir='${prefix}/var'
mandir='${datarootdir}/man'
mkdir_p='$(MKDIR_P)'
oldincludedir='/usr/include'
pdfdir='${docdir}'
pkgpyexecdir='${pyexecdir}/LHAPDF'
pkgpythondir='${pythondir}/LHAPDF'
prefix='/home/choij/workspace/ParticlePhysics/HepTools/LHAPDF-6.3.0/../LHAPDF/local'
program_transform_name='s,x,x,'
psdir='${docdir}'
pyexecdir='${exec_prefix}/lib64/python2.7/site-packages'
pythondir='${prefix}/lib/python2.7/site-packages'
runstatedir='${localstatedir}/run'
sbindir='${exec_prefix}/sbin'
sharedstatedir='${prefix}/com'
sysconfdir='${prefix}/etc'
target_alias=''

## ----------- ##
## confdefs.h. ##
## ----------- ##

/* confdefs.h */
#define PACKAGE_NAME "LHAPDF"
#define PACKAGE_TARNAME "LHAPDF"
#define PACKAGE_VERSION "6.3.0"
#define PACKAGE_STRING "LHAPDF 6.3.0"
#define PACKAGE_BUGREPORT "lhapdf-support@cern.ch"
#define PACKAGE_URL ""
#define PACKAGE "LHAPDF"
#define VERSION "6.3.0"
#define LHAPDF_VERSION "6.3.0"
#define LHAPDF_VERSION_CODE 60300
#define HAVE_CXX11 1
#define STDC_HEADERS 1
#define HAVE_SYS_TYPES_H 1
#define HAVE_SYS_STAT_H 1
#define HAVE_STDLIB_H 1
#define HAVE_STRING_H 1
#define HAVE_MEMORY_H 1
#define HAVE_STRINGS_H 1
#define HAVE_INTTYPES_H 1
#define HAVE_STDINT_H 1
#define HAVE_UNISTD_H 1
#define HAVE_DLFCN_H 1
#define LT_OBJDIR ".libs/"
#define LHAPDF_PDFLIB 1
#define LHAPDF_LHA5CXX 1

configure: exit 0
