#************************************************************
#*               MadGraph5_aMC@NLO/MadEvent                 *
#*                                                          *
#*                *                       *                 *
#*                  *        * *        *                   *
#*                    * * * * 5 * * * *                     *
#*                  *        * *        *                   *
#*                *                       *                 *
#*                                                          *
#*                                                          *
#*         VERSION 2.7.3                 2020-06-21         *
#*                                                          *
#*    The MadGraph5_aMC@NLO Development Team - Find us at   *
#*    https://server06.fynu.ucl.ac.be/projects/madgraph     *
#*                                                          *
#************************************************************
#*                                                          *
#*               Command File for MadEvent                  *
#*                                                          *
#*     run as ./bin/madevent.py filename                    *
#*                                                          *
#************************************************************
generate_events run_01
Traceback (most recent call last):
  File "/home/choij/workspace/ParticlePhysics/HepTools/MG5_aMC_v2_7_3/madgraph/interface/extended_cmd.py", line 1515, in onecmd
    return self.onecmd_orig(line, **opt)
  File "/home/choij/workspace/ParticlePhysics/HepTools/MG5_aMC_v2_7_3/madgraph/interface/extended_cmd.py", line 1464, in onecmd_orig
    return func(arg, **opt)
  File "/home/choij/workspace/ParticlePhysics/HepTools/MG5_aMC_v2_7_3/madgraph/interface/madevent_interface.py", line 2468, in do_generate_events
    self.run_generate_events(switch_mode, args)
  File "/home/choij/workspace/ParticlePhysics/HepTools/MG5_aMC_v2_7_3/madgraph/interface/common_run_interface.py", line 7011, in new_fct
    original_fct(obj, *args, **opts)
  File "/home/choij/workspace/ParticlePhysics/HepTools/MG5_aMC_v2_7_3/madgraph/interface/madevent_interface.py", line 2508, in run_generate_events
    postcmd=False)
  File "/home/choij/workspace/ParticlePhysics/HepTools/MG5_aMC_v2_7_3/madgraph/interface/extended_cmd.py", line 1544, in exec_cmd
    stop = Cmd.onecmd_orig(current_interface, line, **opt)
  File "/home/choij/workspace/ParticlePhysics/HepTools/MG5_aMC_v2_7_3/madgraph/interface/extended_cmd.py", line 1464, in onecmd_orig
    return func(arg, **opt)
  File "/home/choij/workspace/ParticlePhysics/HepTools/MG5_aMC_v2_7_3/madgraph/interface/madevent_interface.py", line 3325, in do_survey
    self.configure_directory()
  File "/home/choij/workspace/ParticlePhysics/HepTools/MG5_aMC_v2_7_3/madgraph/interface/madevent_interface.py", line 5643, in configure_directory
    self.link_lhapdf(pjoin(self.me_dir,'lib'))
  File "/home/choij/workspace/ParticlePhysics/HepTools/MG5_aMC_v2_7_3/madgraph/interface/common_run_interface.py", line 3987, in link_lhapdf
    lhapdf_version = self.get_lhapdf_version()
  File "/home/choij/workspace/ParticlePhysics/HepTools/MG5_aMC_v2_7_3/madgraph/interface/common_run_interface.py", line 4341, in get_lhapdf_version
    self.lhapdf_version = self.get_lhapdf_version_static(self.options['lhapdf'])
  File "/home/choij/workspace/ParticlePhysics/HepTools/MG5_aMC_v2_7_3/madgraph/interface/common_run_interface.py", line 4328, in get_lhapdf_version_static
    raise Exception, 'lhapdf executable (%s) is not found on your system. Please install it and/or indicate the path to the correct executable in input/mg5_configuration.txt' % lhapdf_config
Exception: lhapdf executable (lhapdf-config) is not found on your system. Please install it and/or indicate the path to the correct executable in input/mg5_configuration.txt
                              Run Options    
                              -----------    
               stdout_level 	:	20 (user set)

                         MadEvent Options    
                         ----------------    
     automatic_html_opening 	:	False (user set)
        notification_center 	:	True
          cluster_temp_path 	:	None
             cluster_memory 	:	None (user set)
               cluster_size 	:	100
              cluster_queue 	:	None (user set)
                    nb_core 	:	6 (user set)
               cluster_time 	:	6 (user set)
                   run_mode 	:	2

                      Configuration Options    
                      ---------------------    
                text_editor 	:	None
         cluster_local_path 	:	None
      cluster_status_update 	:	(600, 30)
               pythia8_path 	:	None (user set)
                  hwpp_path 	:	None (user set)
            pythia-pgs_path 	:	None (user set)
                    td_path 	:	None (user set)
               delphes_path 	:	None (user set)
                thepeg_path 	:	None (user set)
               cluster_type 	:	condor
          madanalysis5_path 	:	None (user set)
           cluster_nb_retry 	:	1
                 eps_viewer 	:	None
                web_browser 	:	None
               syscalc_path 	:	None (user set)
           madanalysis_path 	:	None (user set)
                     lhapdf 	:	lhapdf-config
              f2py_compiler 	:	None
                 hepmc_path 	:	None (user set)
         cluster_retry_wait 	:	300
           fortran_compiler 	:	None
                auto_update 	:	7 (user set)
        exrootanalysis_path 	:	None (user set)
                    timeout 	:	60
               cpp_compiler 	:	None
#************************************************************
#*                     MadGraph5_aMC@NLO                    *
#*                                                          *
#*                *                       *                 *
#*                  *        * *        *                   *
#*                    * * * * 5 * * * *                     *
#*                  *        * *        *                   *
#*                *                       *                 *
#*                                                          *
#*                                                          *
#*         VERSION 2.7.3                 2020-06-21         *
#*                                                          *
#*    The MadGraph5_aMC@NLO Development Team - Find us at   *
#*    https://server06.fynu.ucl.ac.be/projects/madgraph     *
#*                                                          *
#************************************************************
#*                                                          *
#*               Command File for MadGraph5_aMC@NLO         *
#*                                                          *
#*     run as ./bin/mg5_aMC  filename                       *
#*                                                          *
#************************************************************
set default_unset_couplings 99
set group_subprocesses Auto
set ignore_six_quark_processes False
set loop_optimized_output True
set loop_color_flows False
set gauge unitary
set complex_mass_scheme False
set max_npoint_for_channel 0
import model sm
define p = g u c d s u~ c~ d~ s~
define j = g u c d s u~ c~ d~ s~
define l+ = e+ mu+
define l- = e- mu-
define vl = ve vm vt
define vl~ = ve~ vm~ vt~
generate p p > j j
output TotalXsec
######################################################################
## PARAM_CARD AUTOMATICALY GENERATED BY MG5 FOLLOWING UFO MODEL   ####
######################################################################
##                                                                  ##
##  Width set on Auto will be computed following the information    ##
##        present in the decay.py files of the model.               ##
##        See  arXiv:1402.1178 for more details.                    ##
##                                                                  ##
######################################################################

###################################
## INFORMATION FOR MASS
###################################
Block mass 
    5 4.700000e+00 # MB 
    6 1.730000e+02 # MT 
   15 1.777000e+00 # MTA 
   23 9.118800e+01 # MZ 
   25 1.250000e+02 # MH 
## Dependent parameters, given by model restrictions.
## Those values should be edited following the 
## analytical expression. MG5 ignores those values 
## but they are important for interfacing the output of MG5
## to external program such as Pythia.
  1 0.000000e+00 # d : 0.0 
  2 0.000000e+00 # u : 0.0 
  3 0.000000e+00 # s : 0.0 
  4 0.000000e+00 # c : 0.0 
  11 0.000000e+00 # e- : 0.0 
  12 0.000000e+00 # ve : 0.0 
  13 0.000000e+00 # mu- : 0.0 
  14 0.000000e+00 # vm : 0.0 
  16 0.000000e+00 # vt : 0.0 
  21 0.000000e+00 # g : 0.0 
  22 0.000000e+00 # a : 0.0 
  24 8.041900e+01 # w+ : cmath.sqrt(MZ__exp__2/2. + cmath.sqrt(MZ__exp__4/4. - (aEW*cmath.pi*MZ__exp__2)/(Gf*sqrt__2))) 

###################################
## INFORMATION FOR SMINPUTS
###################################
Block sminputs 
    1 1.325070e+02 # aEWM1 
    2 1.166390e-05 # Gf 
    3 1.180000e-01 # aS 

###################################
## INFORMATION FOR YUKAWA
###################################
Block yukawa 
    5 4.700000e+00 # ymb 
    6 1.730000e+02 # ymt 
   15 1.777000e+00 # ymtau 

###################################
## INFORMATION FOR DECAY
###################################
DECAY   6 1.491500e+00 # WT 
DECAY  23 2.441404e+00 # WZ 
DECAY  24 2.047600e+00 # WW 
DECAY  25 6.382339e-03 # WH 
## Dependent parameters, given by model restrictions.
## Those values should be edited following the 
## analytical expression. MG5 ignores those values 
## but they are important for interfacing the output of MG5
## to external program such as Pythia.
DECAY  1 0.000000e+00 # d : 0.0 
DECAY  2 0.000000e+00 # u : 0.0 
DECAY  3 0.000000e+00 # s : 0.0 
DECAY  4 0.000000e+00 # c : 0.0 
DECAY  5 0.000000e+00 # b : 0.0 
DECAY  11 0.000000e+00 # e- : 0.0 
DECAY  12 0.000000e+00 # ve : 0.0 
DECAY  13 0.000000e+00 # mu- : 0.0 
DECAY  14 0.000000e+00 # vm : 0.0 
DECAY  15 0.000000e+00 # ta- : 0.0 
DECAY  16 0.000000e+00 # vt : 0.0 
DECAY  21 0.000000e+00 # g : 0.0 
DECAY  22 0.000000e+00 # a : 0.0 
#*********************************************************************
#                       MadGraph5_aMC@NLO                            *
#                                                                    *
#                     run_card.dat MadEvent                          *
#                                                                    *
#  This file is used to set the parameters of the run.               *
#                                                                    *
#  Some notation/conventions:                                        *
#                                                                    *
#   Lines starting with a '# ' are info or comments                  *
#                                                                    *
#   mind the format:   value    = variable     ! comment             *
#                                                                    *
#   To display more options, you can type the command:               *
#      update full_run_card                                          *
#*********************************************************************
#                                                                    
#*********************************************************************
# Tag name for the run (one word)                                    *
#*********************************************************************
  tag_1     = run_tag ! name of the run 
#*********************************************************************
# Number of events and rnd seed                                      *
# Warning: Do not generate more than 1M events in a single run       *
#*********************************************************************
  10000 = nevents ! Number of unweighted events requested 
  0   = iseed   ! rnd seed (0=assigned automatically=default))
#*********************************************************************
# Collider type and energy                                           *
# lpp: 0=No PDF, 1=proton, -1=antiproton, 2=photon from proton,      *
#                                         3=photon from electron     *
#*********************************************************************
     1        = lpp1    ! beam 1 type 
     1        = lpp2    ! beam 2 type
     6500.0     = ebeam1  ! beam 1 total energy in GeV
     6500.0     = ebeam2  ! beam 2 total energy in GeV
# To see polarised beam options: type "update beam_pol"

#*********************************************************************
# PDF CHOICE: this automatically fixes also alpha_s and its evol.    *
#*********************************************************************
     lhapdf    = pdlabel     ! PDF set                                     
     326300    = lhaid     ! if pdlabel=lhapdf, this is the lhapdf number
# To see heavy ion options: type "update ion_pdf"
#*********************************************************************
# Renormalization and factorization scales                           *
#*********************************************************************
 False = fixed_ren_scale  ! if .true. use fixed ren scale
 False        = fixed_fac_scale  ! if .true. use fixed fac scale
 91.188  = scale            ! fixed ren scale
 91.188  = dsqrt_q2fact1    ! fixed fact scale for pdf1
 91.188  = dsqrt_q2fact2    ! fixed fact scale for pdf2
 -1 = dynamical_scale_choice ! Choose one of the preselected dynamical choices
 1.0  = scalefact        ! scale factor for event-by-event scales
#*********************************************************************
# Type and output format
#*********************************************************************
  False     = gridpack  !True = setting up the grid pack
  -1.0 = time_of_flight ! threshold (in mm) below which the invariant livetime is not written (-1 means not written)
  average =  event_norm       ! average/sum. Normalization of the weight in the LHEF
# To see MLM/CKKW  merging options: type "update MLM" or "update CKKW"

#*********************************************************************
#
#*********************************************************************
# handling of the helicities:
#  0: sum over all helicities
#  1: importance sampling over helicities
#*********************************************************************
   0  = nhel          ! using helicities importance sampling or not.
#*********************************************************************
# Generation bias, check the wiki page below for more information:   *
#  'cp3.irmp.ucl.ac.be/projects/madgraph/wiki/LOEventGenerationBias' *
#*********************************************************************
 None = bias_module  ! Bias type of bias, [None, ptj_bias, -custom_folder-]
 {} = bias_parameters ! Specifies the parameters of the module.
#
#*******************************                                                 
# Parton level cuts definition *
#*******************************                                     
#                                                                    
#
#*********************************************************************
# BW cutoff (M+/-bwcutoff*Gamma) ! Define on/off-shell for "$" and decay  
#*********************************************************************
  15.0  = bwcutoff      ! (M+/-bwcutoff*Gamma)
#*********************************************************************
# Standard Cuts                                                      *
#*********************************************************************
# Minimum and maximum pt's (for max, -1 means no cut)                *
#*********************************************************************
 20.0  = ptj       ! minimum pt for the jets 
 -1.0  = ptjmax    ! maximum pt for the jets
 {} = pt_min_pdg ! pt cut for other particles (use pdg code). Applied on particle and anti-particle
 {}	= pt_max_pdg ! pt cut for other particles (syntax e.g. {6: 100, 25: 50}) 
#
# For display option for energy cut in the partonic center of mass frame type 'update ecut'
#
#*********************************************************************
# Maximum and minimum absolute rapidity (for max, -1 means no cut)   *
#*********************************************************************
 5.0 = etaj    ! max rap for the jets 
 {} = eta_min_pdg ! rap cut for other particles (use pdg code). Applied on particle and anti-particle
 {} = eta_max_pdg ! rap cut for other particles (syntax e.g. {6: 2.5, 23: 5})
#*********************************************************************
# Minimum and maximum DeltaR distance                                *
#*********************************************************************
 0.4 = drjj    ! min distance between jets 
 -1.0  = drjjmax ! max distance between jets
#*********************************************************************
# Minimum and maximum invariant mass for pairs                       *
#*********************************************************************
 0.0   = mmjj    ! min invariant mass of a jet pair 
 -1.0  = mmjjmax ! max invariant mass of a jet pair
 {} = mxx_min_pdg ! min invariant mass of a pair of particles X/X~ (e.g. {6:250})
 {'default': False} = mxx_only_part_antipart ! if True the invariant mass is applied only 
                       ! to pairs of particle/antiparticle and not to pairs of the same pdg codes.  
#*********************************************************************
# Inclusive cuts                                                     *
#*********************************************************************
 0.0  = xptj ! minimum pt for at least one jet  
 #*********************************************************************
 # Control the pt's of the jets sorted by pt                          *
 #*********************************************************************
 0.0   = ptj1min ! minimum pt for the leading jet in pt
 0.0   = ptj2min ! minimum pt for the second jet in pt
 -1.0  = ptj1max ! maximum pt for the leading jet in pt 
 -1.0  = ptj2max ! maximum pt for the second jet in pt
 0   = cutuse  ! reject event if fails any (0) / all (1) jet pt cuts
 #*********************************************************************
 # Control the Ht(k)=Sum of k leading jets                            *
 #*********************************************************************
 0.0   = htjmin ! minimum jet HT=Sum(jet pt)
 -1.0  = htjmax ! maximum jet HT=Sum(jet pt)
 0.0   = ihtmin  !inclusive Ht for all partons (including b)
 -1.0  = ihtmax  !inclusive Ht for all partons (including b)
 #*********************************************************************
 # WBF cuts                                                           *
 #*********************************************************************
 0.0   = xetamin ! minimum rapidity for two jets in the WBF case  
 0.0   = deltaeta ! minimum rapidity for two jets in the WBF case 
#*********************************************************************
# maximal pdg code for quark to be considered as a light jet         *
# (otherwise b cuts are applied)                                     *
#*********************************************************************
 4 = maxjetflavor    ! Maximum jet pdg code
#*********************************************************************
#
#*********************************************************************
# Store info for systematics studies                                 *
# WARNING: Do not use for interference type of computation           *
#*********************************************************************
   False  = use_syst      ! Enable systematics studies
#
systematics = systematics_program ! none, systematics [python], SysCalc [depreceted, C++]
['--mur=0.5,1,2', '--muf=0.5,1,2', '--pdf=errorset'] = systematics_arguments ! see: https://cp3.irmp.ucl.ac.be/projects/madgraph/wiki/Systematics#Systematicspythonmodule
# Syscalc is deprecated but to see the associate options type'update syscalc'
